2026-04-23T07:54:32.1178690Z Current runner version: '2.333.1'
2026-04-23T07:54:32.1214568Z ##[group]Runner Image Provisioner
2026-04-23T07:54:32.1216507Z Hosted Compute Agent
2026-04-23T07:54:32.1217530Z Version: 20260213.493
2026-04-23T07:54:32.1218582Z Commit: 5c115507f6dd24b8de37d8bbe0bb4509d0cc0fa3
2026-04-23T07:54:32.1219762Z Build Date: 2026-02-13T00:28:41Z
2026-04-23T07:54:32.1220859Z Worker ID: {da904f1f-f7eb-4b4f-a9e3-904c611a5105}
2026-04-23T07:54:32.1222130Z Azure Region: eastus
2026-04-23T07:54:32.1222976Z ##[endgroup]
2026-04-23T07:54:32.1225173Z ##[group]Operating System
2026-04-23T07:54:32.1226163Z Ubuntu
2026-04-23T07:54:32.1227115Z 24.04.4
2026-04-23T07:54:32.1227861Z LTS
2026-04-23T07:54:32.1228563Z ##[endgroup]
2026-04-23T07:54:32.1229348Z ##[group]Runner Image
2026-04-23T07:54:32.1230200Z Image: ubuntu-24.04
2026-04-23T07:54:32.1231036Z Version: 20260413.86.1
2026-04-23T07:54:32.1232951Z Included Software: https://github.com/actions/runner-images/blob/ubuntu24/20260413.86/images/ubuntu/Ubuntu2404-Readme.md
2026-04-23T07:54:32.1235282Z Image Release: https://github.com/actions/runner-images/releases/tag/ubuntu24%2F20260413.86
2026-04-23T07:54:32.1236905Z ##[endgroup]
2026-04-23T07:54:32.1238554Z ##[group]GITHUB_TOKEN Permissions
2026-04-23T07:54:32.1241460Z Actions: write
2026-04-23T07:54:32.1242330Z Metadata: read
2026-04-23T07:54:32.1243140Z ##[endgroup]
2026-04-23T07:54:32.1246417Z Secret source: None
2026-04-23T07:54:32.1248211Z Prepare workflow directory
2026-04-23T07:54:32.1966856Z Prepare all required actions
2026-04-23T07:54:32.2052760Z Complete job name: Cleanup artifacts
2026-04-23T07:54:32.2746903Z ##[group]Run if [ "github-hosted" = "self-hosted" ]; then
2026-04-23T07:54:32.2747949Z [36;1mif [ "github-hosted" = "self-hosted" ]; then[0m
2026-04-23T07:54:32.2749093Z [36;1m  echo "GH_TOKEN=***" >> "$GITHUB_ENV"[0m
2026-04-23T07:54:32.2750029Z [36;1m  echo "GITHUB_TOKEN=***" >> "$GITHUB_ENV"[0m
2026-04-23T07:54:32.2750785Z [36;1melse[0m
2026-04-23T07:54:32.2751678Z [36;1m  echo "GH_TOKEN=***" >> "$GITHUB_ENV"[0m
2026-04-23T07:54:32.2752643Z [36;1m  echo "GITHUB_TOKEN=***" >> "$GITHUB_ENV"[0m
2026-04-23T07:54:32.2753312Z [36;1mfi[0m
2026-04-23T07:54:32.2950864Z shell: /usr/bin/bash --noprofile --norc -e -o pipefail {0}
2026-04-23T07:54:32.2952142Z env:
2026-04-23T07:54:32.2953072Z   GITHUB_COPILOT_API_TOKEN: ***
2026-04-23T07:54:32.2953605Z ##[endgroup]
2026-04-23T07:54:32.3237976Z ##[group]Run echo "GH_HOST=${GITHUB_SERVER_URL#https://}" >> $GITHUB_ENV
2026-04-23T07:54:32.3239068Z [36;1mecho "GH_HOST=${GITHUB_SERVER_URL#https://}" >> $GITHUB_ENV[0m
2026-04-23T07:54:32.3239928Z [36;1mecho "GH_HOST set to: ${GITHUB_SERVER_URL#https://}"[0m
2026-04-23T07:54:32.3263515Z shell: /usr/bin/bash -e {0}
2026-04-23T07:54:32.3264103Z env:
2026-04-23T07:54:32.3264956Z   GITHUB_COPILOT_API_TOKEN: ***
2026-04-23T07:54:32.3265721Z   GH_TOKEN: ***
2026-04-23T07:54:32.3266362Z   GITHUB_TOKEN: ***
2026-04-23T07:54:32.3267120Z ##[endgroup]
2026-04-23T07:54:32.3424741Z GH_HOST set to: github.com
2026-04-23T07:54:32.3473553Z ##[group]Run gh api \
2026-04-23T07:54:32.3474012Z [36;1mgh api \[0m
2026-04-23T07:54:32.3474499Z [36;1m  -H "Accept: application/vnd.github+json" \[0m
2026-04-23T07:54:32.3475259Z [36;1m  /repos/microsoft/TypeScript/actions/runs/24823635328/artifacts \[0m
2026-04-23T07:54:32.3475988Z [36;1m  --jq '.artifacts[].id' > artifact_ids.txt[0m
2026-04-23T07:54:32.3499093Z shell: /usr/bin/bash -e {0}
2026-04-23T07:54:32.3499561Z env:
2026-04-23T07:54:32.3500244Z   GITHUB_COPILOT_API_TOKEN: ***
2026-04-23T07:54:32.3500831Z   GH_TOKEN: ***
2026-04-23T07:54:32.3501334Z   GITHUB_TOKEN: ***
2026-04-23T07:54:32.3501722Z   GH_HOST: github.com
2026-04-23T07:54:32.3502112Z ##[endgroup]
2026-04-23T07:54:32.6522124Z ##[group]Run echo "Deleting artifacts for run ID: 24823635328"
2026-04-23T07:54:32.6522966Z [36;1mecho "Deleting artifacts for run ID: 24823635328"[0m
2026-04-23T07:54:32.6523634Z [36;1mwhile read -r artifact_id; do[0m
2026-04-23T07:54:32.6524167Z [36;1m  gh api \[0m
2026-04-23T07:54:32.6524605Z [36;1m    --silent \[0m
2026-04-23T07:54:32.6525294Z [36;1m    -X DELETE \[0m
2026-04-23T07:54:32.6525832Z [36;1m    -H "Accept: application/vnd.github+json" \[0m
2026-04-23T07:54:32.6526866Z [36;1m    /repos/microsoft/TypeScript/actions/artifacts/"$artifact_id"[0m
2026-04-23T07:54:32.6527687Z [36;1mdone < artifact_ids.txt[0m
2026-04-23T07:54:32.6528231Z [36;1mecho "Artifact cleanup completed"[0m
2026-04-23T07:54:32.6551537Z shell: /usr/bin/bash -e {0}
2026-04-23T07:54:32.6552047Z env:
2026-04-23T07:54:32.6552802Z   GITHUB_COPILOT_API_TOKEN: ***
2026-04-23T07:54:32.6553430Z   GH_TOKEN: ***
2026-04-23T07:54:32.6553997Z   GITHUB_TOKEN: ***
2026-04-23T07:54:32.6554480Z   GH_HOST: github.com
2026-04-23T07:54:32.6554924Z ##[endgroup]
2026-04-23T07:54:32.6603209Z Deleting artifacts for run ID: 24823635328
2026-04-23T07:54:32.8652668Z gh: Resource not accessible by integration (HTTP 403)
2026-04-23T07:54:32.8682224Z ##[error]Process completed with exit code 1.
2026-04-23T07:54:32.8762703Z Cleaning up orphan processes
