2026-04-23T11:39:41.6799588Z Current runner version: '2.333.1'
2026-04-23T11:39:41.6824455Z ##[group]Runner Image Provisioner
2026-04-23T11:39:41.6825297Z Hosted Compute Agent
2026-04-23T11:39:41.6825909Z Version: 20260415.520
2026-04-23T11:39:41.6826456Z Commit: af089020f5f67b61ccc91db6c07980876c02bf7b
2026-04-23T11:39:41.6827128Z Build Date: 2026-04-15T18:07:08Z
2026-04-23T11:39:41.6827755Z Worker ID: {71599ba3-8698-4911-89a3-e3927cf095a8}
2026-04-23T11:39:41.6828439Z Azure Region: northcentralus
2026-04-23T11:39:41.6829002Z ##[endgroup]
2026-04-23T11:39:41.6830853Z ##[group]Operating System
2026-04-23T11:39:41.6831437Z Ubuntu
2026-04-23T11:39:41.6831891Z 24.04.4
2026-04-23T11:39:41.6832615Z LTS
2026-04-23T11:39:41.6833052Z ##[endgroup]
2026-04-23T11:39:41.6833573Z ##[group]Runner Image
2026-04-23T11:39:41.6834068Z Image: ubuntu-24.04
2026-04-23T11:39:41.6834635Z Version: 20260420.95.1
2026-04-23T11:39:41.6835762Z Included Software: https://github.com/actions/runner-images/blob/ubuntu24/20260420.95/images/ubuntu/Ubuntu2404-Readme.md
2026-04-23T11:39:41.6837228Z Image Release: https://github.com/actions/runner-images/releases/tag/ubuntu24%2F20260420.95
2026-04-23T11:39:41.6838129Z ##[endgroup]
2026-04-23T11:39:41.6839295Z ##[group]GITHUB_TOKEN Permissions
2026-04-23T11:39:41.6841325Z Contents: read
2026-04-23T11:39:41.6841855Z Metadata: read
2026-04-23T11:39:41.6842651Z Packages: read
2026-04-23T11:39:41.6843140Z ##[endgroup]
2026-04-23T11:39:41.6845116Z Secret source: Actions
2026-04-23T11:39:41.6846337Z Prepare workflow directory
2026-04-23T11:39:41.7183522Z Prepare all required actions
2026-04-23T11:39:41.7452786Z Complete job name: doc_build_status_check
2026-04-23T11:39:41.8054670Z ##[group]Run if [[ "failure" == "success" || "failure" == "skipped" ]] && \
2026-04-23T11:39:41.8055787Z [36;1mif [[ "failure" == "success" || "failure" == "skipped" ]] && \[0m
2026-04-23T11:39:41.8056687Z [36;1m   [[ "skipped" == "success" || "skipped" == "skipped" ]]; then[0m
2026-04-23T11:39:41.8057493Z [36;1m  echo "OK"[0m
2026-04-23T11:39:41.8058178Z [36;1melse[0m
2026-04-23T11:39:41.8058627Z [36;1m  exit 1[0m
2026-04-23T11:39:41.8059139Z [36;1mfi[0m
2026-04-23T11:39:41.8903281Z shell: /usr/bin/bash -e {0}
2026-04-23T11:39:41.8904913Z ##[endgroup]
2026-04-23T11:39:41.9444083Z ##[error]Process completed with exit code 1.
2026-04-23T11:39:41.9582720Z Cleaning up orphan processes
