2026-04-23T11:34:51.8582279Z Current runner version: '2.333.1'
2026-04-23T11:34:51.8609436Z ##[group]Runner Image Provisioner
2026-04-23T11:34:51.8610539Z Hosted Compute Agent
2026-04-23T11:34:51.8611044Z Version: 20260415.520
2026-04-23T11:34:51.8611737Z Commit: af089020f5f67b61ccc91db6c07980876c02bf7b
2026-04-23T11:34:51.8612383Z Build Date: 2026-04-15T18:07:08Z
2026-04-23T11:34:51.8613023Z Worker ID: {6c8f4cb6-2a70-43b0-8ba8-100424ed017a}
2026-04-23T11:34:51.8613681Z Azure Region: eastus
2026-04-23T11:34:51.8614255Z ##[endgroup]
2026-04-23T11:34:51.8615770Z ##[group]Operating System
2026-04-23T11:34:51.8616718Z Ubuntu
2026-04-23T11:34:51.8617235Z 24.04.4
2026-04-23T11:34:51.8617643Z LTS
2026-04-23T11:34:51.8618137Z ##[endgroup]
2026-04-23T11:34:51.8618584Z ##[group]Runner Image
2026-04-23T11:34:51.8619165Z Image: ubuntu-24.04
2026-04-23T11:34:51.8619705Z Version: 20260420.95.1
2026-04-23T11:34:51.8621415Z Included Software: https://github.com/actions/runner-images/blob/ubuntu24/20260420.95/images/ubuntu/Ubuntu2404-Readme.md
2026-04-23T11:34:51.8622878Z Image Release: https://github.com/actions/runner-images/releases/tag/ubuntu24%2F20260420.95
2026-04-23T11:34:51.8623777Z ##[endgroup]
2026-04-23T11:34:51.8624864Z ##[group]GITHUB_TOKEN Permissions
2026-04-23T11:34:51.8627097Z Contents: read
2026-04-23T11:34:51.8627599Z Metadata: read
2026-04-23T11:34:51.8628185Z PullRequests: write
2026-04-23T11:34:51.8628708Z ##[endgroup]
2026-04-23T11:34:51.8631565Z Secret source: Actions
2026-04-23T11:34:51.8632617Z Prepare workflow directory
2026-04-23T11:34:51.8976715Z Prepare all required actions
2026-04-23T11:34:51.9016766Z Getting action download info
2026-04-23T11:34:52.3380958Z Download action repository 'dorny/paths-filter@fbd0ab8f3e69293af611ebaee6363fc25e6d187d' (SHA:fbd0ab8f3e69293af611ebaee6363fc25e6d187d)
2026-04-23T11:34:52.6454420Z Download action repository 'actions/checkout@de0fac2e4500dabe0009e67214ff5f5447ce83dd' (SHA:de0fac2e4500dabe0009e67214ff5f5447ce83dd)
2026-04-23T11:34:52.6816087Z Download action repository 'actions/github-script@ed597411d8f924073f98dfc5c65a23a2325f34cd' (SHA:ed597411d8f924073f98dfc5c65a23a2325f34cd)
2026-04-23T11:34:52.8855041Z Download action repository 'miniscruff/changie-action@5036dffa79ffc007110dc7f75eca7ef72780e147' (SHA:5036dffa79ffc007110dc7f75eca7ef72780e147)
2026-04-23T11:34:53.2408340Z Complete job name: Check Changelog Entry
2026-04-23T11:34:53.3211170Z ##[group]Run dorny/paths-filter@fbd0ab8f3e69293af611ebaee6363fc25e6d187d
2026-04-23T11:34:53.3213046Z with:
2026-04-23T11:34:53.3214569Z   filters: changes:
    - '.changes/*/*.yaml'
changelog:
  - 'CHANGELOG.md'
version:
  - 'version/VERSION'

2026-04-23T11:34:53.3216325Z   list-files: json
2026-04-23T11:34:53.3217468Z   token: ***
2026-04-23T11:34:53.3218239Z   initial-fetch-depth: 100
2026-04-23T11:34:53.3219159Z   predicate-quantifier: some
2026-04-23T11:34:53.3220648Z ##[endgroup]
2026-04-23T11:34:53.4130951Z ##[group]Fetching list of changed files for PR#38430 from Github API
2026-04-23T11:34:53.4132791Z Invoking listFiles(pull_number: 38430, per_page: 100)
2026-04-23T11:34:53.7259690Z Received 10 items
2026-04-23T11:34:53.7261213Z [modified] internal/command/arguments/workspace.go
2026-04-23T11:34:53.7262602Z [added] internal/command/arguments/workspace_new.go
2026-04-23T11:34:53.7264002Z [added] internal/command/arguments/workspace_new_test.go
2026-04-23T11:34:53.7266256Z [added] internal/command/arguments/workspace_select.go
2026-04-23T11:34:53.7268539Z [added] internal/command/arguments/workspace_select_test.go
2026-04-23T11:34:53.7271003Z [added] internal/command/arguments/workspace_test.go
2026-04-23T11:34:53.7272450Z [modified] internal/command/workspace_command.go
2026-04-23T11:34:53.7273784Z [modified] internal/command/workspace_command_test.go
2026-04-23T11:34:53.7275011Z [modified] internal/command/workspace_new.go
2026-04-23T11:34:53.7276171Z [modified] internal/command/workspace_select.go
2026-04-23T11:34:53.7279304Z ##[endgroup]
2026-04-23T11:34:53.7280757Z Detected 10 changed files
2026-04-23T11:34:53.7282095Z Results:
2026-04-23T11:34:53.7284701Z ##[group]Filter changes = false
2026-04-23T11:34:53.7286259Z Matching files: none
2026-04-23T11:34:53.7287751Z ##[endgroup]
2026-04-23T11:34:53.7289044Z ##[group]Filter changelog = false
2026-04-23T11:34:53.7290434Z Matching files: none
2026-04-23T11:34:53.7291857Z ##[endgroup]
2026-04-23T11:34:53.7293217Z ##[group]Filter version = false
2026-04-23T11:34:53.7294187Z Matching files: none
2026-04-23T11:34:53.7295498Z ##[endgroup]
2026-04-23T11:34:53.7296678Z Cannot set changes output variable - name already used by filter output
2026-04-23T11:34:53.7802430Z ##[group]Run actions/checkout@de0fac2e4500dabe0009e67214ff5f5447ce83dd
2026-04-23T11:34:53.7803803Z with:
2026-04-23T11:34:53.7804718Z   sparse-checkout: version/VERSION
.changie.yaml
.changes/

2026-04-23T11:34:53.7805974Z   sparse-checkout-cone-mode: false
2026-04-23T11:34:53.7806907Z   ref: refs/heads/main
2026-04-23T11:34:53.7807732Z   repository: hashicorp/terraform
2026-04-23T11:34:53.7808946Z   token: ***
2026-04-23T11:34:53.7809624Z   ssh-strict: true
2026-04-23T11:34:53.7810560Z   ssh-user: git
2026-04-23T11:34:53.7811477Z   persist-credentials: true
2026-04-23T11:34:53.7812318Z   clean: true
2026-04-23T11:34:53.7813018Z   fetch-depth: 1
2026-04-23T11:34:53.7813727Z   fetch-tags: false
2026-04-23T11:34:53.7814467Z   show-progress: true
2026-04-23T11:34:53.7815215Z   lfs: false
2026-04-23T11:34:53.7815907Z   submodules: false
2026-04-23T11:34:53.7816667Z   set-safe-directory: true
2026-04-23T11:34:53.7817493Z ##[endgroup]
2026-04-23T11:34:53.8799432Z Syncing repository: hashicorp/terraform
2026-04-23T11:34:53.8802723Z ##[group]Getting Git version info
2026-04-23T11:34:53.8804851Z Working directory is '/home/runner/work/terraform/terraform'
2026-04-23T11:34:53.8808092Z [command]/usr/bin/git version
2026-04-23T11:34:53.8823045Z git version 2.53.0
2026-04-23T11:34:53.8881929Z ##[endgroup]
2026-04-23T11:34:53.8902482Z Temporarily overriding HOME='/home/runner/work/_temp/6121948e-5bbe-4070-89dc-79bf7497390c' before making global git config changes
2026-04-23T11:34:53.8905492Z Adding repository directory to the temporary git global config as a safe directory
2026-04-23T11:34:53.8909359Z [command]/usr/bin/git config --global --add safe.directory /home/runner/work/terraform/terraform
2026-04-23T11:34:53.8973602Z Deleting the contents of '/home/runner/work/terraform/terraform'
2026-04-23T11:34:53.8977898Z ##[group]Initializing the repository
2026-04-23T11:34:53.8983579Z [command]/usr/bin/git init /home/runner/work/terraform/terraform
2026-04-23T11:34:53.9090393Z hint: Using 'master' as the name for the initial branch. This default branch name
2026-04-23T11:34:53.9093884Z hint: will change to "main" in Git 3.0. To configure the initial branch name
2026-04-23T11:34:53.9098018Z hint: to use in all of your new repositories, which will suppress this warning,
2026-04-23T11:34:53.9106745Z hint: call:
2026-04-23T11:34:53.9108508Z hint:
2026-04-23T11:34:53.9113332Z hint: 	git config --global init.defaultBranch <name>
2026-04-23T11:34:53.9115291Z hint:
2026-04-23T11:34:53.9117175Z hint: Names commonly chosen instead of 'master' are 'main', 'trunk' and
2026-04-23T11:34:53.9121225Z hint: 'development'. The just-created branch can be renamed via this command:
2026-04-23T11:34:53.9126006Z hint:
2026-04-23T11:34:53.9127499Z hint: 	git branch -m <name>
2026-04-23T11:34:53.9128942Z hint:
2026-04-23T11:34:53.9131200Z hint: Disable this message with "git config set advice.defaultBranchName false"
2026-04-23T11:34:53.9134564Z Initialized empty Git repository in /home/runner/work/terraform/terraform/.git/
2026-04-23T11:34:53.9140067Z [command]/usr/bin/git remote add origin https://github.com/hashicorp/terraform
2026-04-23T11:34:53.9160652Z ##[endgroup]
2026-04-23T11:34:53.9162624Z ##[group]Disabling automatic garbage collection
2026-04-23T11:34:53.9164432Z [command]/usr/bin/git config --local gc.auto 0
2026-04-23T11:34:53.9201305Z ##[endgroup]
2026-04-23T11:34:53.9203434Z ##[group]Setting up auth
2026-04-23T11:34:53.9205054Z Removing SSH command configuration
2026-04-23T11:34:53.9210480Z [command]/usr/bin/git config --local --name-only --get-regexp core\.sshCommand
2026-04-23T11:34:53.9251739Z [command]/usr/bin/git submodule foreach --recursive sh -c "git config --local --name-only --get-regexp 'core\.sshCommand' && git config --local --unset-all 'core.sshCommand' || :"
2026-04-23T11:34:53.9615291Z Removing HTTP extra header
2026-04-23T11:34:53.9622914Z [command]/usr/bin/git config --local --name-only --get-regexp http\.https\:\/\/github\.com\/\.extraheader
2026-04-23T11:34:53.9661402Z [command]/usr/bin/git submodule foreach --recursive sh -c "git config --local --name-only --get-regexp 'http\.https\:\/\/github\.com\/\.extraheader' && git config --local --unset-all 'http.https://github.com/.extraheader' || :"
2026-04-23T11:34:53.9876249Z Removing includeIf entries pointing to credentials config files
2026-04-23T11:34:53.9883747Z [command]/usr/bin/git config --local --name-only --get-regexp ^includeIf\.gitdir:
2026-04-23T11:34:53.9918731Z [command]/usr/bin/git submodule foreach --recursive git config --local --show-origin --name-only --get-regexp remote.origin.url
2026-04-23T11:34:54.0146875Z [command]/usr/bin/git config --file /home/runner/work/_temp/git-credentials-993f011f-689c-45e1-bcc6-ccc77c293db4.config http.https://github.com/.extraheader AUTHORIZATION: basic ***
2026-04-23T11:34:54.0187673Z [command]/usr/bin/git config --local includeIf.gitdir:/home/runner/work/terraform/terraform/.git.path /home/runner/work/_temp/git-credentials-993f011f-689c-45e1-bcc6-ccc77c293db4.config
2026-04-23T11:34:54.0221696Z [command]/usr/bin/git config --local includeIf.gitdir:/home/runner/work/terraform/terraform/.git/worktrees/*.path /home/runner/work/_temp/git-credentials-993f011f-689c-45e1-bcc6-ccc77c293db4.config
2026-04-23T11:34:54.0254804Z [command]/usr/bin/git config --local includeIf.gitdir:/github/workspace/.git.path /github/runner_temp/git-credentials-993f011f-689c-45e1-bcc6-ccc77c293db4.config
2026-04-23T11:34:54.0285627Z [command]/usr/bin/git config --local includeIf.gitdir:/github/workspace/.git/worktrees/*.path /github/runner_temp/git-credentials-993f011f-689c-45e1-bcc6-ccc77c293db4.config
2026-04-23T11:34:54.0312977Z ##[endgroup]
2026-04-23T11:34:54.0314258Z ##[group]Fetching the repository
2026-04-23T11:34:54.0322624Z [command]/usr/bin/git -c protocol.version=2 fetch --no-tags --prune --no-recurse-submodules --filter=blob:none --depth=1 origin +refs/heads/main:refs/remotes/origin/main
2026-04-23T11:34:54.3382155Z From https://github.com/hashicorp/terraform
2026-04-23T11:34:54.3384784Z  * [new branch]      main       -> origin/main
2026-04-23T11:34:54.3430735Z ##[endgroup]
2026-04-23T11:34:54.3432122Z ##[group]Determining the checkout info
2026-04-23T11:34:54.3433591Z ##[endgroup]
2026-04-23T11:34:54.3434812Z ##[group]Setting up sparse checkout
2026-04-23T11:34:54.3436181Z [command]/usr/bin/git config core.sparseCheckout true
2026-04-23T11:34:54.3463989Z [command]/usr/bin/git rev-parse --git-path info/sparse-checkout
2026-04-23T11:34:54.3487437Z .git/info/sparse-checkout
2026-04-23T11:34:54.3496242Z ##[endgroup]
2026-04-23T11:34:54.3497548Z ##[group]Checking out the ref
2026-04-23T11:34:54.3500921Z [command]/usr/bin/git checkout --progress --force -B main refs/remotes/origin/main
2026-04-23T11:34:54.5557328Z Switched to a new branch 'main'
2026-04-23T11:34:54.5559732Z branch 'main' set up to track 'origin/main'.
2026-04-23T11:34:54.5567859Z ##[endgroup]
2026-04-23T11:34:54.5618845Z [command]/usr/bin/git log -1 --format=%H
2026-04-23T11:34:54.5645710Z 80a9d6b94530d25858c818fcf61a986afb7c030d
2026-04-23T11:34:54.5915704Z ##[group]Run actions/github-script@ed597411d8f924073f98dfc5c65a23a2325f34cd
2026-04-23T11:34:54.5917072Z with:
2026-04-23T11:34:54.5965885Z   script: const fs = require("fs");
async function createOrUpdateChangelogComment(commentDetails, deleteComment) {
    const commentStart = "## Changelog Warning"
    
    const body = commentStart + "\n\n" + commentDetails;
    const { number: issue_number } = context.issue;
    const { owner, repo } = context.repo;
    
    // List all comments
    const allComments = (await github.rest.issues.listComments({
        issue_number,
        owner,
        repo,
    })).data;

    const existingComment = allComments.find(c => c.body.startsWith(commentStart));
    const comment_id = existingComment?.id;
    
    if (deleteComment) {
        if (existingComment) {
            await github.rest.issues.deleteComment({
                owner,
                repo,
                comment_id,
            });
        }
        return;
    }

    core.setFailed(commentDetails);

    if (existingComment) {
        await github.rest.issues.updateComment({
            owner,
            repo,
            comment_id,
            body,
        });
    } else {
        await github.rest.issues.createComment({
            owner,
            repo,
            issue_number,
            body,
        });
    }
}

const changesPresent = false;
const changedChangesFiles = [];
const changelogChangesPresent = false;
const versionChangesPresent = false;

const prLabels = await github.rest.issues.listLabelsOnIssue({
    issue_number: context.issue.number,
    owner: context.repo.owner,
    repo: context.repo.repo
});
const backportLabels = prLabels.data.filter(label => label.name.endsWith("-backport"));
const backportVersions = backportLabels.map(label => label.name.split("-")[0]);

const currentVersionFile = fs.readFileSync("./version/VERSION", "utf-8");
const currentVersionParts = currentVersionFile.split(".");
currentVersionParts.pop();
const currentVersion = currentVersionParts.join(".");

const allVersions = [currentVersion, ...backportVersions]
allVersions.sort((a, b) => {
  const as = a.split(".").map(Number);
  const bs = b.split(".").map(Number);

  if (as[0] !== bs[0]) {
    return as[0] - bs[0];
  }
  
  if (as[1] !== bs[1]) {
    return as[1] - bs[1];
  }
});

const noChangelogNeededLabel = prLabels.data.find(label => label.name === 'no-changelog-needed');
const dependenciesLabel = prLabels.data.find(label => label.name === 'dependencies');

// We want to prohibit contributors from directly changing the CHANGELOG.md, it's 
// generated so all changes will be lost during the release process.
// Therefore we only allow the changelog to change together with the version.
// In very rare cases where we generate changes in the changelog without changing the 
// version we will just ignore this failing check.
if (changelogChangesPresent && !versionChangesPresent) {
    await createOrUpdateChangelogComment("Please don't edit the CHANGELOG.md manually. We use changie to control the Changelog generation, please use `npx changie new` to create a new changelog entry.");
    return;
}

if (dependenciesLabel) {
    return;
}

if (noChangelogNeededLabel) {
    if (changesPresent) {
        await createOrUpdateChangelogComment("Please remove either the 'no-changelog-needed' label or the changelog entry from this PR.");
        return;
    }
    
    // Nothing to complain about, so delete any existing comment
    await createOrUpdateChangelogComment("", true);
    return;
}

// We only want to have a changelog entry for the oldest version this PR will
// land in.
const onlyExpectedChangeVersion = allVersions[0]
const missingChangelogEntry = !changedChangesFiles.some(filePath => filePath.includes("/v"+onlyExpectedChangeVersion+"/"))
const unexpectedChangelogEntry = changedChangesFiles.filter(filePath => !filePath.includes("/v"+onlyExpectedChangeVersion+"/"))


if (missingChangelogEntry) {
    await createOrUpdateChangelogComment(`Currently this PR would target a v${onlyExpectedChangeVersion} release. Please add a changelog entry for in the .changes/v${onlyExpectedChangeVersion} folder, or discuss which release you'd like to target with your reviewer. If you believe this change does not need a changelog entry, please add the 'no-changelog-needed' label.`);
    return;
}

if (unexpectedChangelogEntry.length > 0) {
    await createOrUpdateChangelogComment(`Please remove the changelog entry for the following paths: ${unexpectedChangelogEntry.join(", ")}. If you believe this change does not need a changelog entry, please add the 'no-changelog-needed' label.`);
    return;
}

// Nothing to complain about, so delete any existing comment
await createOrUpdateChangelogComment("", true);

2026-04-23T11:34:54.6016030Z   github-token: ***
2026-04-23T11:34:54.6016782Z   debug: false
2026-04-23T11:34:54.6017539Z   user-agent: actions/github-script
2026-04-23T11:34:54.6018483Z   result-encoding: json
2026-04-23T11:34:54.6019264Z   retries: 0
2026-04-23T11:34:54.6020233Z   retry-exempt-status-codes: 400,401,403,404,422
2026-04-23T11:34:54.6021262Z ##[endgroup]
2026-04-23T11:34:55.1216429Z ##[error]Currently this PR would target a v1.16 release. Please add a changelog entry for in the .changes/v1.16 folder, or discuss which release you'd like to target with your reviewer. If you believe this change does not need a changelog entry, please add the 'no-changelog-needed' label.
2026-04-23T11:34:55.8759135Z Post job cleanup.
2026-04-23T11:34:55.9590842Z [command]/usr/bin/git version
2026-04-23T11:34:55.9628425Z git version 2.53.0
2026-04-23T11:34:55.9702186Z Temporarily overriding HOME='/home/runner/work/_temp/9f9609c1-2e63-4dac-b9e1-f66e9fab5f91' before making global git config changes
2026-04-23T11:34:55.9703443Z Adding repository directory to the temporary git global config as a safe directory
2026-04-23T11:34:55.9707880Z [command]/usr/bin/git config --global --add safe.directory /home/runner/work/terraform/terraform
2026-04-23T11:34:55.9741367Z Removing SSH command configuration
2026-04-23T11:34:55.9748469Z [command]/usr/bin/git config --local --name-only --get-regexp core\.sshCommand
2026-04-23T11:34:55.9783912Z [command]/usr/bin/git submodule foreach --recursive sh -c "git config --local --name-only --get-regexp 'core\.sshCommand' && git config --local --unset-all 'core.sshCommand' || :"
2026-04-23T11:34:56.0031183Z Removing HTTP extra header
2026-04-23T11:34:56.0036847Z [command]/usr/bin/git config --local --name-only --get-regexp http\.https\:\/\/github\.com\/\.extraheader
2026-04-23T11:34:56.0073014Z [command]/usr/bin/git submodule foreach --recursive sh -c "git config --local --name-only --get-regexp 'http\.https\:\/\/github\.com\/\.extraheader' && git config --local --unset-all 'http.https://github.com/.extraheader' || :"
2026-04-23T11:34:56.0302486Z Removing includeIf entries pointing to credentials config files
2026-04-23T11:34:56.0309197Z [command]/usr/bin/git config --local --name-only --get-regexp ^includeIf\.gitdir:
2026-04-23T11:34:56.0335012Z includeif.gitdir:/home/runner/work/terraform/terraform/.git.path
2026-04-23T11:34:56.0336373Z includeif.gitdir:/home/runner/work/terraform/terraform/.git/worktrees/*.path
2026-04-23T11:34:56.0337525Z includeif.gitdir:/github/workspace/.git.path
2026-04-23T11:34:56.0338462Z includeif.gitdir:/github/workspace/.git/worktrees/*.path
2026-04-23T11:34:56.0346585Z [command]/usr/bin/git config --local --get-all includeif.gitdir:/home/runner/work/terraform/terraform/.git.path
2026-04-23T11:34:56.0371404Z /home/runner/work/_temp/git-credentials-993f011f-689c-45e1-bcc6-ccc77c293db4.config
2026-04-23T11:34:56.0382210Z [command]/usr/bin/git config --local --unset includeif.gitdir:/home/runner/work/terraform/terraform/.git.path /home/runner/work/_temp/git-credentials-993f011f-689c-45e1-bcc6-ccc77c293db4.config
2026-04-23T11:34:56.0416699Z [command]/usr/bin/git config --local --get-all includeif.gitdir:/home/runner/work/terraform/terraform/.git/worktrees/*.path
2026-04-23T11:34:56.0439156Z /home/runner/work/_temp/git-credentials-993f011f-689c-45e1-bcc6-ccc77c293db4.config
2026-04-23T11:34:56.0449057Z [command]/usr/bin/git config --local --unset includeif.gitdir:/home/runner/work/terraform/terraform/.git/worktrees/*.path /home/runner/work/_temp/git-credentials-993f011f-689c-45e1-bcc6-ccc77c293db4.config
2026-04-23T11:34:56.0479157Z [command]/usr/bin/git config --local --get-all includeif.gitdir:/github/workspace/.git.path
2026-04-23T11:34:56.0500197Z /github/runner_temp/git-credentials-993f011f-689c-45e1-bcc6-ccc77c293db4.config
2026-04-23T11:34:56.0507695Z [command]/usr/bin/git config --local --unset includeif.gitdir:/github/workspace/.git.path /github/runner_temp/git-credentials-993f011f-689c-45e1-bcc6-ccc77c293db4.config
2026-04-23T11:34:56.0538157Z [command]/usr/bin/git config --local --get-all includeif.gitdir:/github/workspace/.git/worktrees/*.path
2026-04-23T11:34:56.0559194Z /github/runner_temp/git-credentials-993f011f-689c-45e1-bcc6-ccc77c293db4.config
2026-04-23T11:34:56.0568683Z [command]/usr/bin/git config --local --unset includeif.gitdir:/github/workspace/.git/worktrees/*.path /github/runner_temp/git-credentials-993f011f-689c-45e1-bcc6-ccc77c293db4.config
2026-04-23T11:34:56.0602161Z [command]/usr/bin/git submodule foreach --recursive git config --local --show-origin --name-only --get-regexp remote.origin.url
2026-04-23T11:34:56.0829766Z Removing credentials config '/home/runner/work/_temp/git-credentials-993f011f-689c-45e1-bcc6-ccc77c293db4.config'
2026-04-23T11:34:56.0969633Z Cleaning up orphan processes
