2026-03-25T18:13:56.1220566Z Current runner version: '2.332.0'
2026-03-25T18:13:56.1270312Z ##[group]Runner Image Provisioner
2026-03-25T18:13:56.1271140Z Hosted Compute Agent
2026-03-25T18:13:56.1271894Z Version: 20260213.493
2026-03-25T18:13:56.1272474Z Commit: 5c115507f6dd24b8de37d8bbe0bb4509d0cc0fa3
2026-03-25T18:13:56.1273175Z Build Date: 2026-02-13T00:28:41Z
2026-03-25T18:13:56.1274147Z Worker ID: {3c4fdfe2-75b6-4be9-a3fd-77451fe54b4e}
2026-03-25T18:13:56.1274833Z Azure Region: westus
2026-03-25T18:13:56.1275413Z ##[endgroup]
2026-03-25T18:13:56.1276943Z ##[group]Operating System
2026-03-25T18:13:56.1277513Z Ubuntu
2026-03-25T18:13:56.1277989Z 24.04.3
2026-03-25T18:13:56.1278527Z LTS
2026-03-25T18:13:56.1279019Z ##[endgroup]
2026-03-25T18:13:56.1279561Z ##[group]Runner Image
2026-03-25T18:13:56.1280170Z Image: ubuntu-24.04
2026-03-25T18:13:56.1280710Z Version: 20260309.50.1
2026-03-25T18:13:56.1281970Z Included Software: https://github.com/actions/runner-images/blob/ubuntu24/20260309.50/images/ubuntu/Ubuntu2404-Readme.md
2026-03-25T18:13:56.1283429Z Image Release: https://github.com/actions/runner-images/releases/tag/ubuntu24%2F20260309.50
2026-03-25T18:13:56.1284871Z ##[endgroup]
2026-03-25T18:13:56.1285997Z ##[group]GITHUB_TOKEN Permissions
2026-03-25T18:13:56.1287964Z Actions: write
2026-03-25T18:13:56.1288637Z Metadata: read
2026-03-25T18:13:56.1289124Z ##[endgroup]
2026-03-25T18:13:56.1291526Z Secret source: None
2026-03-25T18:13:56.1292359Z Prepare workflow directory
2026-03-25T18:13:56.1948000Z Prepare all required actions
2026-03-25T18:13:56.2012087Z Complete job name: Cleanup artifacts
2026-03-25T18:13:56.2710634Z ##[group]Run if [ "github-hosted" = "self-hosted" ]; then
2026-03-25T18:13:56.2711648Z [36;1mif [ "github-hosted" = "self-hosted" ]; then[0m
2026-03-25T18:13:56.2712745Z [36;1m  echo "GH_TOKEN=***" >> "$GITHUB_ENV"[0m
2026-03-25T18:13:56.2714113Z [36;1m  echo "GITHUB_TOKEN=***" >> "$GITHUB_ENV"[0m
2026-03-25T18:13:56.2714770Z [36;1melse[0m
2026-03-25T18:13:56.2715680Z [36;1m  echo "GH_TOKEN=***" >> "$GITHUB_ENV"[0m
2026-03-25T18:13:56.2716808Z [36;1m  echo "GITHUB_TOKEN=***" >> "$GITHUB_ENV"[0m
2026-03-25T18:13:56.2717464Z [36;1mfi[0m
2026-03-25T18:13:56.3386911Z shell: /usr/bin/bash --noprofile --norc -e -o pipefail {0}
2026-03-25T18:13:56.3388157Z env:
2026-03-25T18:13:56.3389204Z   GITHUB_COPILOT_API_TOKEN: ***
2026-03-25T18:13:56.3389828Z ##[endgroup]
2026-03-25T18:13:56.3818188Z ##[group]Run echo "GH_HOST=${GITHUB_SERVER_URL#https://}" >> $GITHUB_ENV
2026-03-25T18:13:56.3819174Z [36;1mecho "GH_HOST=${GITHUB_SERVER_URL#https://}" >> $GITHUB_ENV[0m
2026-03-25T18:13:56.3820119Z [36;1mecho "GH_HOST set to: ${GITHUB_SERVER_URL#https://}"[0m
2026-03-25T18:13:56.3871894Z shell: /usr/bin/bash -e {0}
2026-03-25T18:13:56.3872521Z env:
2026-03-25T18:13:56.3873400Z   GITHUB_COPILOT_API_TOKEN: ***
2026-03-25T18:13:56.3874332Z   GH_TOKEN: ***
2026-03-25T18:13:56.3874938Z   GITHUB_TOKEN: ***
2026-03-25T18:13:56.3875521Z ##[endgroup]
2026-03-25T18:13:56.3975929Z GH_HOST set to: github.com
2026-03-25T18:13:56.4113335Z ##[group]Run gh api \
2026-03-25T18:13:56.4114125Z [36;1mgh api \[0m
2026-03-25T18:13:56.4114642Z [36;1m  -H "Accept: application/vnd.github+json" \[0m
2026-03-25T18:13:56.4115415Z [36;1m  /repos/kubernetes/kubernetes/actions/runs/23556600061/artifacts \[0m
2026-03-25T18:13:56.4116244Z [36;1m  --jq '.artifacts[].id' > artifact_ids.txt[0m
2026-03-25T18:13:56.4167659Z shell: /usr/bin/bash -e {0}
2026-03-25T18:13:56.4168136Z env:
2026-03-25T18:13:56.4168839Z   GITHUB_COPILOT_API_TOKEN: ***
2026-03-25T18:13:56.4169430Z   GH_TOKEN: ***
2026-03-25T18:13:56.4169950Z   GITHUB_TOKEN: ***
2026-03-25T18:13:56.4170364Z   GH_HOST: github.com
2026-03-25T18:13:56.4170782Z ##[endgroup]
2026-03-25T18:13:56.8607718Z ##[group]Run echo "Deleting artifacts for run ID: 23556600061"
2026-03-25T18:13:56.8608518Z [36;1mecho "Deleting artifacts for run ID: 23556600061"[0m
2026-03-25T18:13:56.8609157Z [36;1mwhile read -r artifact_id; do[0m
2026-03-25T18:13:56.8609667Z [36;1m  gh api \[0m
2026-03-25T18:13:56.8610098Z [36;1m    --silent \[0m
2026-03-25T18:13:56.8610757Z [36;1m    -X DELETE \[0m
2026-03-25T18:13:56.8611282Z [36;1m    -H "Accept: application/vnd.github+json" \[0m
2026-03-25T18:13:56.8612037Z [36;1m    /repos/kubernetes/kubernetes/actions/artifacts/"$artifact_id"[0m
2026-03-25T18:13:56.8612737Z [36;1mdone < artifact_ids.txt[0m
2026-03-25T18:13:56.8613248Z [36;1mecho "Artifact cleanup completed"[0m
2026-03-25T18:13:56.8665440Z shell: /usr/bin/bash -e {0}
2026-03-25T18:13:56.8665948Z env:
2026-03-25T18:13:56.8666711Z   GITHUB_COPILOT_API_TOKEN: ***
2026-03-25T18:13:56.8667302Z   GH_TOKEN: ***
2026-03-25T18:13:56.8667814Z   GITHUB_TOKEN: ***
2026-03-25T18:13:56.8668284Z   GH_HOST: github.com
2026-03-25T18:13:56.8668698Z ##[endgroup]
2026-03-25T18:13:56.8749190Z Deleting artifacts for run ID: 23556600061
2026-03-25T18:13:57.2771290Z gh: Resource not accessible by integration (HTTP 403)
2026-03-25T18:13:57.2802977Z ##[error]Process completed with exit code 1.
2026-03-25T18:13:57.2885986Z Cleaning up orphan processes
