2026-04-19T17:12:42.6835871Z Current runner version: '2.333.1'
2026-04-19T17:12:42.6842151Z Runner name: '7ba8d57cc000000'
2026-04-19T17:12:42.6842960Z Runner group name: 'Default'
2026-04-19T17:12:42.6843883Z Machine name: '7ba8d57cc000000'
2026-04-19T17:12:42.6860615Z ##[group]1ES Hosted Pool
2026-04-19T17:12:42.6861443Z SKU: Standard_D8ads_v5
2026-04-19T17:12:42.6862058Z Image: azure-linux-3
2026-04-19T17:12:42.6862580Z Image Version: 36.0.0
2026-04-19T17:12:42.6863225Z Local IP: 10.1.0.82
2026-04-19T17:12:42.6863744Z Interactive Mode: False
2026-04-19T17:12:42.6864298Z Request Id: 72027680703
2026-04-19T17:12:42.6864951Z Pool Name: TypeScript-1ES-GitHub-Large
2026-04-19T17:12:42.6865578Z Location: eastus2
2026-04-19T17:12:42.6866193Z Work Folder: /mnt/vss/_work
2026-04-19T17:12:42.6866751Z Resource Provider: VmssResourceProvider
2026-04-19T17:12:42.6867506Z Worker Build Version: 31307214
2026-04-19T17:12:42.6868059Z Network Isolation Policy: None
2026-04-19T17:12:42.6868668Z ##[endgroup]
2026-04-19T17:12:42.6869902Z ##[group]GITHUB_TOKEN Permissions
2026-04-19T17:12:42.6872122Z Contents: read
2026-04-19T17:12:42.6872696Z Metadata: read
2026-04-19T17:12:42.6873167Z ##[endgroup]
2026-04-19T17:12:42.6875470Z Secret source: Actions
2026-04-19T17:12:42.6876161Z Prepare workflow directory
2026-04-19T17:12:42.7281103Z Prepare all required actions
2026-04-19T17:12:42.7317709Z Getting action download info
2026-04-19T17:12:43.0184847Z Download action repository 'actions/checkout@de0fac2e4500dabe0009e67214ff5f5447ce83dd' (SHA:de0fac2e4500dabe0009e67214ff5f5447ce83dd)
2026-04-19T17:12:43.2709765Z Download action repository 'actions/setup-node@53b83947a5a98c8d113130e565377fae1a50d02f' (SHA:53b83947a5a98c8d113130e565377fae1a50d02f)
2026-04-19T17:12:43.5939177Z Download action repository 'actions/upload-artifact@bbbca2ddaa5d8feaa63e36b76fdaad77386f024f' (SHA:bbbca2ddaa5d8feaa63e36b76fdaad77386f024f)
2026-04-19T17:12:43.8809635Z Download action repository 'codecov/codecov-action@57e3a136b779b570ffcdbf80b3bdc90e7fab3de2' (SHA:57e3a136b779b570ffcdbf80b3bdc90e7fab3de2)
2026-04-19T17:12:44.1756438Z Getting action download info
2026-04-19T17:12:44.3125922Z Download action repository 'actions/github-script@ed597411d8f924073f98dfc5c65a23a2325f34cd' (SHA:ed597411d8f924073f98dfc5c65a23a2325f34cd)
2026-04-19T17:12:44.6320265Z Complete job name: coverage
2026-04-19T17:12:44.7385029Z ##[group]Run actions/checkout@de0fac2e4500dabe0009e67214ff5f5447ce83dd
2026-04-19T17:12:44.7386785Z with:
2026-04-19T17:12:44.7387489Z   repository: microsoft/TypeScript
2026-04-19T17:12:44.7388677Z   token: ***
2026-04-19T17:12:44.7389366Z   ssh-strict: true
2026-04-19T17:12:44.7390077Z   ssh-user: git
2026-04-19T17:12:44.7390801Z   persist-credentials: true
2026-04-19T17:12:44.7391621Z   clean: true
2026-04-19T17:12:44.7392339Z   sparse-checkout-cone-mode: true
2026-04-19T17:12:44.7393245Z   fetch-depth: 1
2026-04-19T17:12:44.7393954Z   fetch-tags: false
2026-04-19T17:12:44.7394717Z   show-progress: true
2026-04-19T17:12:44.7395788Z   lfs: false
2026-04-19T17:12:44.7396466Z   submodules: false
2026-04-19T17:12:44.7397238Z   set-safe-directory: true
2026-04-19T17:12:44.7398347Z ##[endgroup]
2026-04-19T17:12:44.8357967Z Syncing repository: microsoft/TypeScript
2026-04-19T17:12:44.8360789Z ##[group]Getting Git version info
2026-04-19T17:12:44.8362093Z Working directory is '/mnt/vss/_work/TypeScript/TypeScript'
2026-04-19T17:12:44.8363798Z [command]/bin/git version
2026-04-19T17:12:44.8364584Z git version 2.45.4
2026-04-19T17:12:44.8394343Z ##[endgroup]
2026-04-19T17:12:44.8407492Z Temporarily overriding HOME='/mnt/vss/_work/_temp/629edd26-1516-4ed7-bfeb-68d38da02d43' before making global git config changes
2026-04-19T17:12:44.8410002Z Adding repository directory to the temporary git global config as a safe directory
2026-04-19T17:12:44.8412038Z [command]/bin/git config --global --add safe.directory /mnt/vss/_work/TypeScript/TypeScript
2026-04-19T17:12:44.8447015Z Deleting the contents of '/mnt/vss/_work/TypeScript/TypeScript'
2026-04-19T17:12:44.8451097Z ##[group]Initializing the repository
2026-04-19T17:12:44.8454287Z [command]/bin/git init /mnt/vss/_work/TypeScript/TypeScript
2026-04-19T17:12:44.8495495Z hint: Using 'master' as the name for the initial branch. This default branch name
2026-04-19T17:12:44.8498592Z hint: is subject to change. To configure the initial branch name to use in all
2026-04-19T17:12:44.8500351Z hint: of your new repositories, which will suppress this warning, call:
2026-04-19T17:12:44.8502226Z hint:
2026-04-19T17:12:44.8503220Z hint: 	git config --global init.defaultBranch <name>
2026-04-19T17:12:44.8504609Z hint:
2026-04-19T17:12:44.8505848Z hint: Names commonly chosen instead of 'master' are 'main', 'trunk' and
2026-04-19T17:12:44.8508077Z hint: 'development'. The just-created branch can be renamed via this command:
2026-04-19T17:12:44.8509398Z hint:
2026-04-19T17:12:44.8510049Z hint: 	git branch -m <name>
2026-04-19T17:12:44.8511333Z Initialized empty Git repository in /mnt/vss/_work/TypeScript/TypeScript/.git/
2026-04-19T17:12:44.8514159Z [command]/bin/git remote add origin https://github.com/microsoft/TypeScript
2026-04-19T17:12:44.8541418Z ##[endgroup]
2026-04-19T17:12:44.8543711Z ##[group]Disabling automatic garbage collection
2026-04-19T17:12:44.8545357Z [command]/bin/git config --local gc.auto 0
2026-04-19T17:12:44.8575890Z ##[endgroup]
2026-04-19T17:12:44.8577343Z ##[group]Setting up auth
2026-04-19T17:12:44.8578228Z Removing SSH command configuration
2026-04-19T17:12:44.8581020Z [command]/bin/git config --local --name-only --get-regexp core\.sshCommand
2026-04-19T17:12:44.8614388Z [command]/bin/git submodule foreach --recursive sh -c "git config --local --name-only --get-regexp 'core\.sshCommand' && git config --local --unset-all 'core.sshCommand' || :"
2026-04-19T17:12:44.9055208Z Removing HTTP extra header
2026-04-19T17:12:44.9059816Z [command]/bin/git config --local --name-only --get-regexp http\.https\:\/\/github\.com\/\.extraheader
2026-04-19T17:12:44.9091287Z [command]/bin/git submodule foreach --recursive sh -c "git config --local --name-only --get-regexp 'http\.https\:\/\/github\.com\/\.extraheader' && git config --local --unset-all 'http.https://github.com/.extraheader' || :"
2026-04-19T17:12:44.9460162Z Removing includeIf entries pointing to credentials config files
2026-04-19T17:12:44.9465139Z [command]/bin/git config --local --name-only --get-regexp ^includeIf\.gitdir:
2026-04-19T17:12:44.9497351Z [command]/bin/git submodule foreach --recursive git config --local --show-origin --name-only --get-regexp remote.origin.url
2026-04-19T17:12:44.9884081Z [command]/bin/git config --file /mnt/vss/_work/_temp/git-credentials-abd7aa37-5b03-4f53-9dde-e0f4f93271e0.config http.https://github.com/.extraheader AUTHORIZATION: basic ***
2026-04-19T17:12:44.9922791Z [command]/bin/git config --local includeIf.gitdir:/mnt/vss/_work/TypeScript/TypeScript/.git.path /mnt/vss/_work/_temp/git-credentials-abd7aa37-5b03-4f53-9dde-e0f4f93271e0.config
2026-04-19T17:12:44.9959101Z [command]/bin/git config --local includeIf.gitdir:/mnt/vss/_work/TypeScript/TypeScript/.git/worktrees/*.path /mnt/vss/_work/_temp/git-credentials-abd7aa37-5b03-4f53-9dde-e0f4f93271e0.config
2026-04-19T17:12:44.9994101Z [command]/bin/git config --local includeIf.gitdir:/github/workspace/.git.path /github/runner_temp/git-credentials-abd7aa37-5b03-4f53-9dde-e0f4f93271e0.config
2026-04-19T17:12:45.0029344Z [command]/bin/git config --local includeIf.gitdir:/github/workspace/.git/worktrees/*.path /github/runner_temp/git-credentials-abd7aa37-5b03-4f53-9dde-e0f4f93271e0.config
2026-04-19T17:12:45.0059333Z ##[endgroup]
2026-04-19T17:12:45.0061455Z ##[group]Fetching the repository
2026-04-19T17:12:45.0070407Z [command]/bin/git -c protocol.version=2 fetch --no-tags --prune --no-recurse-submodules --depth=1 origin +f35d5cbbde8edde919adef07d6d7145bc1feb156:refs/remotes/pull/63415/merge
2026-04-19T17:12:47.1439501Z From https://github.com/microsoft/TypeScript
2026-04-19T17:12:47.1440412Z  * [new ref]             f35d5cbbde8edde919adef07d6d7145bc1feb156 -> pull/63415/merge
2026-04-19T17:12:47.1467293Z ##[endgroup]
2026-04-19T17:12:47.1468635Z ##[group]Determining the checkout info
2026-04-19T17:12:47.1469418Z ##[endgroup]
2026-04-19T17:12:47.1472778Z [command]/bin/git sparse-checkout disable
2026-04-19T17:12:47.1513926Z [command]/bin/git config --local --unset-all extensions.worktreeConfig
2026-04-19T17:12:47.1551669Z ##[group]Checking out the ref
2026-04-19T17:12:47.1554965Z [command]/bin/git checkout --progress --force refs/remotes/pull/63415/merge
2026-04-19T17:12:48.2193379Z Updating files:  22% (18594/81367)
2026-04-19T17:12:48.2528472Z Updating files:  23% (18715/81367)
2026-04-19T17:12:48.2882773Z Updating files:  24% (19529/81367)
2026-04-19T17:12:48.3241793Z Updating files:  25% (20342/81367)
2026-04-19T17:12:48.3557945Z Updating files:  26% (21156/81367)
2026-04-19T17:12:48.3962119Z Updating files:  27% (21970/81367)
2026-04-19T17:12:48.4289435Z Updating files:  28% (22783/81367)
2026-04-19T17:12:48.4649884Z Updating files:  29% (23597/81367)
2026-04-19T17:12:48.5331718Z Updating files:  30% (24411/81367)
2026-04-19T17:12:48.5644097Z Updating files:  31% (25224/81367)
2026-04-19T17:12:48.5970830Z Updating files:  32% (26038/81367)
2026-04-19T17:12:48.6312318Z Updating files:  33% (26852/81367)
2026-04-19T17:12:48.6659300Z Updating files:  34% (27665/81367)
2026-04-19T17:12:48.6992325Z Updating files:  35% (28479/81367)
2026-04-19T17:12:48.7329050Z Updating files:  36% (29293/81367)
2026-04-19T17:12:48.7702984Z Updating files:  37% (30106/81367)
2026-04-19T17:12:48.8099781Z Updating files:  38% (30920/81367)
2026-04-19T17:12:48.8582315Z Updating files:  39% (31734/81367)
2026-04-19T17:12:48.8907157Z Updating files:  40% (32547/81367)
2026-04-19T17:12:48.9248074Z Updating files:  41% (33361/81367)
2026-04-19T17:12:48.9597465Z Updating files:  42% (34175/81367)
2026-04-19T17:12:48.9919286Z Updating files:  43% (34988/81367)
2026-04-19T17:12:49.0250962Z Updating files:  44% (35802/81367)
2026-04-19T17:12:49.0643749Z Updating files:  45% (36616/81367)
2026-04-19T17:12:49.1019995Z Updating files:  46% (37429/81367)
2026-04-19T17:12:49.1332071Z Updating files:  47% (38243/81367)
2026-04-19T17:12:49.1631849Z Updating files:  48% (39057/81367)
2026-04-19T17:12:49.1933149Z Updating files:  49% (39870/81367)
2026-04-19T17:12:49.2137158Z Updating files:  50% (40684/81367)
2026-04-19T17:12:49.2345103Z Updating files:  50% (40952/81367)
2026-04-19T17:12:49.2844670Z Updating files:  51% (41498/81367)
2026-04-19T17:12:49.3217166Z Updating files:  52% (42311/81367)
2026-04-19T17:12:49.3639497Z Updating files:  53% (43125/81367)
2026-04-19T17:12:49.4058079Z Updating files:  54% (43939/81367)
2026-04-19T17:12:49.4489549Z Updating files:  55% (44752/81367)
2026-04-19T17:12:49.4892352Z Updating files:  56% (45566/81367)
2026-04-19T17:12:49.5320148Z Updating files:  57% (46380/81367)
2026-04-19T17:12:49.5773202Z Updating files:  58% (47193/81367)
2026-04-19T17:12:49.6169144Z Updating files:  59% (48007/81367)
2026-04-19T17:12:49.6513879Z Updating files:  60% (48821/81367)
2026-04-19T17:12:49.7020030Z Updating files:  61% (49634/81367)
2026-04-19T17:12:49.7415009Z Updating files:  62% (50448/81367)
2026-04-19T17:12:49.7741343Z Updating files:  63% (51262/81367)
2026-04-19T17:12:49.8084053Z Updating files:  64% (52075/81367)
2026-04-19T17:12:49.8454451Z Updating files:  65% (52889/81367)
2026-04-19T17:12:49.8973812Z Updating files:  66% (53703/81367)
2026-04-19T17:12:49.9734648Z Updating files:  67% (54516/81367)
2026-04-19T17:12:50.0521908Z Updating files:  68% (55330/81367)
2026-04-19T17:12:50.1165473Z Updating files:  69% (56144/81367)
2026-04-19T17:12:50.1524744Z Updating files:  70% (56957/81367)
2026-04-19T17:12:50.1880077Z Updating files:  71% (57771/81367)
2026-04-19T17:12:50.2137679Z Updating files:  72% (58585/81367)
2026-04-19T17:12:50.2244678Z Updating files:  72% (59187/81367)
2026-04-19T17:12:50.2617430Z Updating files:  73% (59398/81367)
2026-04-19T17:12:50.2939928Z Updating files:  74% (60212/81367)
2026-04-19T17:12:50.3267962Z Updating files:  75% (61026/81367)
2026-04-19T17:12:50.3569526Z Updating files:  76% (61839/81367)
2026-04-19T17:12:50.3880353Z Updating files:  77% (62653/81367)
2026-04-19T17:12:50.4181288Z Updating files:  78% (63467/81367)
2026-04-19T17:12:50.4480348Z Updating files:  79% (64280/81367)
2026-04-19T17:12:50.4797113Z Updating files:  80% (65094/81367)
2026-04-19T17:12:50.5093825Z Updating files:  81% (65908/81367)
2026-04-19T17:12:50.5409618Z Updating files:  82% (66721/81367)
2026-04-19T17:12:50.5719794Z Updating files:  83% (67535/81367)
2026-04-19T17:12:50.6028731Z Updating files:  84% (68349/81367)
2026-04-19T17:12:50.6328480Z Updating files:  85% (69162/81367)
2026-04-19T17:12:50.6639583Z Updating files:  86% (69976/81367)
2026-04-19T17:12:50.6950819Z Updating files:  87% (70790/81367)
2026-04-19T17:12:50.7258517Z Updating files:  88% (71603/81367)
2026-04-19T17:12:50.7563123Z Updating files:  89% (72417/81367)
2026-04-19T17:12:50.7896147Z Updating files:  90% (73231/81367)
2026-04-19T17:12:50.8203055Z Updating files:  91% (74044/81367)
2026-04-19T17:12:50.8596562Z Updating files:  92% (74858/81367)
2026-04-19T17:12:50.8904877Z Updating files:  93% (75672/81367)
2026-04-19T17:12:50.9258539Z Updating files:  94% (76485/81367)
2026-04-19T17:12:50.9560830Z Updating files:  95% (77299/81367)
2026-04-19T17:12:50.9869549Z Updating files:  96% (78113/81367)
2026-04-19T17:12:51.0231570Z Updating files:  97% (78926/81367)
2026-04-19T17:12:51.0538362Z Updating files:  98% (79740/81367)
2026-04-19T17:12:51.0898444Z Updating files:  99% (80554/81367)
2026-04-19T17:12:51.0899050Z Updating files: 100% (81367/81367)
2026-04-19T17:12:51.0899574Z Updating files: 100% (81367/81367), done.
2026-04-19T17:12:51.2121922Z Note: switching to 'refs/remotes/pull/63415/merge'.
2026-04-19T17:12:51.2122551Z 
2026-04-19T17:12:51.2122989Z You are in 'detached HEAD' state. You can look around, make experimental
2026-04-19T17:12:51.2123867Z changes and commit them, and you can discard any commits you make in this
2026-04-19T17:12:51.2124476Z state without impacting any branches by switching back to a branch.
2026-04-19T17:12:51.2124831Z 
2026-04-19T17:12:51.2125107Z If you want to create a new branch to retain commits you create, you may
2026-04-19T17:12:51.2125681Z do so (now or later) by using -c with the switch command. Example:
2026-04-19T17:12:51.2126054Z 
2026-04-19T17:12:51.2126204Z   git switch -c <new-branch-name>
2026-04-19T17:12:51.2126794Z 
2026-04-19T17:12:51.2126895Z Or undo this operation with:
2026-04-19T17:12:51.2127065Z 
2026-04-19T17:12:51.2127145Z   git switch -
2026-04-19T17:12:51.2127261Z 
2026-04-19T17:12:51.2127491Z Turn off this advice by setting config variable advice.detachedHead to false
2026-04-19T17:12:51.2127830Z 
2026-04-19T17:12:51.2128218Z HEAD is now at f35d5cbbd Merge f4bcb746011b31dc516d973b38bd72df041b17db into 55423abe4d029017f19b6e4c32097591994836b4
2026-04-19T17:12:51.2246813Z ##[endgroup]
2026-04-19T17:12:51.2288446Z [command]/bin/git log -1 --format=%H
2026-04-19T17:12:51.2315043Z f35d5cbbde8edde919adef07d6d7145bc1feb156
2026-04-19T17:12:51.2566491Z ##[group]Run actions/setup-node@53b83947a5a98c8d113130e565377fae1a50d02f
2026-04-19T17:12:51.2566876Z with:
2026-04-19T17:12:51.2567053Z   node-version: lts/*
2026-04-19T17:12:51.2567255Z   check-latest: false
2026-04-19T17:12:51.2567561Z   token: ***
2026-04-19T17:12:51.2567755Z   package-manager-cache: true
2026-04-19T17:12:51.2567970Z ##[endgroup]
2026-04-19T17:12:51.4137180Z Attempt to resolve LTS alias from manifest...
2026-04-19T17:12:51.7672334Z Attempting to download 24...
2026-04-19T17:12:51.7699514Z Acquiring 24.15.0 - x64 from https://github.com/actions/node-versions/releases/download/24.15.0-24511264946/node-24.15.0-linux-x64.tar.gz
2026-04-19T17:12:52.1163967Z Extracting ...
2026-04-19T17:12:52.1264639Z [command]/bin/tar xz --strip 1 --warning=no-unknown-keyword --overwrite -C /mnt/vss/_work/_temp/cb459d6b-677e-4af7-9e23-1efe9ea6289e -f /mnt/vss/_work/_temp/909fb04c-7bbd-438f-a68b-eab4664f6040
2026-04-19T17:12:53.3103039Z Adding to the cache ...
2026-04-19T17:12:54.9184806Z ##[group]Environment details
2026-04-19T17:12:55.0198468Z node: v24.15.0
2026-04-19T17:12:55.0198983Z npm: 11.12.1
2026-04-19T17:12:55.0199156Z yarn: 
2026-04-19T17:12:55.0199596Z ##[endgroup]
2026-04-19T17:12:55.0205642Z Detected npm as the package manager from package.json's packageManager field. Auto caching has been enabled for npm. If you want to disable it, set package-manager-cache input to false
2026-04-19T17:12:55.0215090Z [command]/mnt/vss/_work/_tool/node/24.15.0/x64/bin/npm config get cache
2026-04-19T17:12:55.1180529Z /home/cloudtest/.npm
2026-04-19T17:12:55.1813789Z Cache hit for: node-cache-Linux-x64-npm-f08379dfea92ae62752f7436367ea6177e635a036fcca55b1c977efd7ae2290b
2026-04-19T17:12:55.5843422Z Received 45941344 of 45941344 (100.0%), 129.6 MBs/sec
2026-04-19T17:12:55.5843848Z Cache Size: ~44 MB (45941344 B)
2026-04-19T17:12:55.5869628Z [command]/bin/tar -xf /mnt/vss/_work/_temp/f118055b-c628-4cf2-8856-946089cf58c1/cache.tzst -P -C /mnt/vss/_work/TypeScript/TypeScript --use-compress-program unzstd
2026-04-19T17:12:55.7489678Z Cache restored successfully
2026-04-19T17:12:55.7605050Z Cache restored from key: node-cache-Linux-x64-npm-f08379dfea92ae62752f7436367ea6177e635a036fcca55b1c977efd7ae2290b
2026-04-19T17:12:55.7820421Z ##[group]Run npm ci
2026-04-19T17:12:55.7820694Z [36;1mnpm ci[0m
2026-04-19T17:12:55.7843231Z shell: /bin/bash --noprofile --norc -e -o pipefail {0}
2026-04-19T17:12:55.7843563Z ##[endgroup]
2026-04-19T17:12:57.2767177Z npm warn deprecated inflight@1.0.6: This module is not supported, and leaks memory. Do not use it. Check out lru-cache if you want a good and tested way to coalesce async requests by a key value, which is much more comprehensive and powerful.
2026-04-19T17:12:57.3402988Z npm warn deprecated glob@8.1.0: Old versions of glob are not supported, and contain widely publicized security vulnerabilities, which have been fixed in the current version. Please update. Support for old versions may be purchased (at exorbitant rates) by contacting i@izs.me
2026-04-19T17:12:57.8495135Z npm warn deprecated glob@10.5.0: Old versions of glob are not supported, and contain widely publicized security vulnerabilities, which have been fixed in the current version. Please update. Support for old versions may be purchased (at exorbitant rates) by contacting i@izs.me
2026-04-19T17:12:58.7027187Z 
2026-04-19T17:12:58.7027972Z added 338 packages, and audited 339 packages in 3s
2026-04-19T17:12:58.7028369Z 
2026-04-19T17:12:58.7030749Z 85 packages are looking for funding
2026-04-19T17:12:58.7031331Z   run `npm fund` for details
2026-04-19T17:12:58.7059289Z 
2026-04-19T17:12:58.7059756Z 3 vulnerabilities (1 moderate, 2 high)
2026-04-19T17:12:58.7060113Z 
2026-04-19T17:12:58.7060481Z To address issues that do not require attention, run:
2026-04-19T17:12:58.7061030Z   npm audit fix
2026-04-19T17:12:58.7061242Z 
2026-04-19T17:12:58.7061617Z To address all issues (including breaking changes), run:
2026-04-19T17:12:58.7062177Z   npm audit fix --force
2026-04-19T17:12:58.7062419Z 
2026-04-19T17:12:58.7062613Z Run `npm audit` for details.
2026-04-19T17:12:58.7650907Z ##[group]Run npm test -- --no-lint --coverage
2026-04-19T17:12:58.7651302Z [36;1mnpm test -- --no-lint --coverage[0m
2026-04-19T17:12:58.7667277Z shell: /bin/bash --noprofile --norc -e -o pipefail {0}
2026-04-19T17:12:58.7667584Z ##[endgroup]
2026-04-19T17:12:58.8772037Z 
2026-04-19T17:12:58.8772596Z > typescript@6.0.0 test
2026-04-19T17:12:58.8773453Z > hereby runtests-parallel --light=false --no-lint --coverage
2026-04-19T17:12:58.8773982Z 
2026-04-19T17:12:58.9882339Z Using [33m/mnt/vss/_work/TypeScript/TypeScript/Herebyfile.mjs[39m to run [34mruntests-parallel[39m
2026-04-19T17:12:58.9885890Z Starting [34mlib[39m
2026-04-19T17:12:58.9890609Z Starting [34mgenerate-diagnostics[39m
2026-04-19T17:12:58.9893847Z > [32m/mnt/vss/_work/_tool/node/24.15.0/x64/bin/node[39m scripts/processDiagnosticMessages.mjs src/compiler/diagnosticMessages.json
2026-04-19T17:12:58.9922505Z Starting [34mgenerate-types-map[39m
2026-04-19T17:12:58.9963270Z Finished [32mgenerate-types-map[39m in 5ms
2026-04-19T17:12:59.0224419Z Reading diagnostics from src/compiler/diagnosticMessages.json
2026-04-19T17:12:59.0640899Z Finished [32mlib[39m in 76ms
2026-04-19T17:12:59.0754722Z Finished [32mgenerate-diagnostics[39m in 87ms
2026-04-19T17:12:59.0755992Z Starting [34mbundle-tests[39m
2026-04-19T17:12:59.0758870Z Starting [34mbuild-tests[39m
2026-04-19T17:12:59.0760971Z Starting [34mbuild-services[39m
2026-04-19T17:12:59.6591680Z Finished [32mbundle-tests[39m in 584ms
2026-04-19T17:13:16.7453376Z Finished [32mbuild-tests[39m in 17.6s
2026-04-19T17:13:16.7453874Z Finished [32mbuild-services[39m in 17.6s
2026-04-19T17:13:16.7454282Z Starting [34mdts-services[39m
2026-04-19T17:13:16.7457366Z > [32m/mnt/vss/_work/_tool/node/24.15.0/x64/bin/node[39m ./scripts/dtsBundler.mjs --entrypoint ./built/local/typescript/typescript.d.ts --output ./built/local/typescript.d.ts
2026-04-19T17:13:17.0038018Z Bundling ./built/local/typescript/typescript.d.ts to ./built/local/typescript.d.ts and ./built/local/typescript.internal.d.ts
2026-04-19T17:13:18.4929283Z Finished [32mdts-services[39m in 1.7s
2026-04-19T17:13:18.4929685Z Starting [34mdts-lssl[39m
2026-04-19T17:13:18.4935083Z Finished [32mdts-lssl[39m in 1ms
2026-04-19T17:13:18.4935840Z Starting [34mdo-runtests-parallel[39m
2026-04-19T17:13:18.4939925Z [93m[coverage] doubling test timeout to 80000ms...[39m
2026-04-19T17:13:18.4950663Z Running tests with config: {"light":false,"workerCount":8,"taskConfigsFolder":"/tmp/ts-tests1","noColor":false,"timeout":80000,"keepFailed":false}
2026-04-19T17:13:18.4951814Z > [32m/mnt/vss/_work/_tool/node/24.15.0/x64/bin/node[39m ./built/local/run.js
2026-04-19T17:13:18.9925949Z Discovered 327 unittest suites.
2026-04-19T17:13:18.9928342Z Discovering runner-based tests...
2026-04-19T17:13:19.1523193Z Discovered 19676 test files in 160ms.
2026-04-19T17:13:19.1523623Z Starting to run tests using 8 threads...
2026-04-19T17:13:19.1912087Z Batching initial test lists...
2026-04-19T17:13:20.5701166Z Suboptimal packing detected: no tests remain to be stolen. Reduce packing fraction from 0.9 to fix.
2026-04-19T17:13:20.5702393Z Batched into 8 groups with approximate total file sizes of 2556830 bytes in each group. (100.0% of total tests batched)
2026-04-19T17:13:20.5811002Z 
2026-04-19T17:23:24.0924001Z 
2026-04-19T17:23:25.7009711Z 
2026-04-19T17:23:25.7010603Z   106366 passing (10m)
2026-04-19T17:23:25.7011110Z   1 failing
2026-04-19T17:23:25.7011886Z 
2026-04-19T17:23:25.7017137Z   1) 
2026-04-19T17:23:25.7017451Z        
2026-04-19T17:23:25.7017647Z          fourslash tests
2026-04-19T17:23:25.7018263Z            tests/cases/fourslash/codeFixMissingTypeAnnotationOnExports52-generics-oversimplification.ts
2026-04-19T17:23:25.7019234Z              fourslash test codeFixMissingTypeAnnotationOnExports52-generics-oversimplification.ts runs correctly:
2026-04-19T17:23:25.7020621Z      AssertionError: expected 'Add return type \'Foo<string>\'' to equal 'Add return type \'Foo<string, string[…'
2026-04-19T17:23:25.7021827Z       at _TestState.verifyCodeFix (src/harness/fourslashImpl.ts:3435:20)
2026-04-19T17:23:25.7022415Z       at Verify.codeFix (src/harness/fourslashInterfaceImpl.ts:206:20)
2026-04-19T17:23:25.7023077Z       at eval (codeFixMissingTypeAnnotationOnExports52-generics-oversimplification.js:13:8)
2026-04-19T17:23:25.7023676Z       at runCode (src/harness/fourslashImpl.ts:4711:9)
2026-04-19T17:23:25.7024131Z       at runFourSlashTestContent (src/harness/fourslashImpl.ts:4682:5)
2026-04-19T17:23:25.7024598Z       at runFourSlashTest (src/harness/fourslashImpl.ts:4665:5)
2026-04-19T17:23:25.7025061Z       at Context.<anonymous> (src/testRunner/fourslashRunner.ts:59:39)
2026-04-19T17:23:25.7025486Z       at processImmediate (node:internal/timers:504:21)
2026-04-19T17:23:25.7025714Z 
2026-04-19T17:23:25.7025721Z 
2026-04-19T17:23:25.7025731Z 
2026-04-19T17:23:25.9213062Z > [32mnpm[39m --prefer-offline exec -- c8 report --experimental-monocart
2026-04-19T17:23:57.4623718Z Error in [31mdo-runtests-parallel[39m in 10m 38.9s
2026-04-19T17:23:57.4624155Z Error: Process exited with code: 1
2026-04-19T17:23:57.4625144Z Completed [34mruntests-parallel[39m[31m with errors[39m in 10m 58.4s
2026-04-19T17:23:57.4625834Z Failed tasks: [31mdo-runtests-parallel[39m
2026-04-19T17:23:57.4805105Z ##[error]Process completed with exit code 1.
2026-04-19T17:23:57.4897443Z Post job cleanup.
2026-04-19T17:23:57.5704634Z [command]/bin/git version
2026-04-19T17:23:57.5741317Z git version 2.45.4
2026-04-19T17:23:57.5780016Z Temporarily overriding HOME='/mnt/vss/_work/_temp/5269f17b-9c29-4f86-85bc-b4c3958354ae' before making global git config changes
2026-04-19T17:23:57.5781551Z Adding repository directory to the temporary git global config as a safe directory
2026-04-19T17:23:57.5784630Z [command]/bin/git config --global --add safe.directory /mnt/vss/_work/TypeScript/TypeScript
2026-04-19T17:23:57.5818117Z Removing SSH command configuration
2026-04-19T17:23:57.5823082Z [command]/bin/git config --local --name-only --get-regexp core\.sshCommand
2026-04-19T17:23:57.5860137Z [command]/bin/git submodule foreach --recursive sh -c "git config --local --name-only --get-regexp 'core\.sshCommand' && git config --local --unset-all 'core.sshCommand' || :"
2026-04-19T17:23:57.6396989Z Removing HTTP extra header
2026-04-19T17:23:57.6401327Z [command]/bin/git config --local --name-only --get-regexp http\.https\:\/\/github\.com\/\.extraheader
2026-04-19T17:23:57.6436661Z [command]/bin/git submodule foreach --recursive sh -c "git config --local --name-only --get-regexp 'http\.https\:\/\/github\.com\/\.extraheader' && git config --local --unset-all 'http.https://github.com/.extraheader' || :"
2026-04-19T17:23:57.6965895Z Removing includeIf entries pointing to credentials config files
2026-04-19T17:23:57.6971944Z [command]/bin/git config --local --name-only --get-regexp ^includeIf\.gitdir:
2026-04-19T17:23:57.6999288Z includeif.gitdir:/mnt/vss/_work/TypeScript/TypeScript/.git.path
2026-04-19T17:23:57.7000390Z includeif.gitdir:/mnt/vss/_work/TypeScript/TypeScript/.git/worktrees/*.path
2026-04-19T17:23:57.7001296Z includeif.gitdir:/github/workspace/.git.path
2026-04-19T17:23:57.7002084Z includeif.gitdir:/github/workspace/.git/worktrees/*.path
2026-04-19T17:23:57.7009398Z [command]/bin/git config --local --get-all includeif.gitdir:/mnt/vss/_work/TypeScript/TypeScript/.git.path
2026-04-19T17:23:57.7032877Z /mnt/vss/_work/_temp/git-credentials-abd7aa37-5b03-4f53-9dde-e0f4f93271e0.config
2026-04-19T17:23:57.7042612Z [command]/bin/git config --local --unset includeif.gitdir:/mnt/vss/_work/TypeScript/TypeScript/.git.path /mnt/vss/_work/_temp/git-credentials-abd7aa37-5b03-4f53-9dde-e0f4f93271e0.config
2026-04-19T17:23:57.7078331Z [command]/bin/git config --local --get-all includeif.gitdir:/mnt/vss/_work/TypeScript/TypeScript/.git/worktrees/*.path
2026-04-19T17:23:57.7102256Z /mnt/vss/_work/_temp/git-credentials-abd7aa37-5b03-4f53-9dde-e0f4f93271e0.config
2026-04-19T17:23:57.7111724Z [command]/bin/git config --local --unset includeif.gitdir:/mnt/vss/_work/TypeScript/TypeScript/.git/worktrees/*.path /mnt/vss/_work/_temp/git-credentials-abd7aa37-5b03-4f53-9dde-e0f4f93271e0.config
2026-04-19T17:23:57.7145495Z [command]/bin/git config --local --get-all includeif.gitdir:/github/workspace/.git.path
2026-04-19T17:23:57.7168348Z /github/runner_temp/git-credentials-abd7aa37-5b03-4f53-9dde-e0f4f93271e0.config
2026-04-19T17:23:57.7177375Z [command]/bin/git config --local --unset includeif.gitdir:/github/workspace/.git.path /github/runner_temp/git-credentials-abd7aa37-5b03-4f53-9dde-e0f4f93271e0.config
2026-04-19T17:23:57.7210919Z [command]/bin/git config --local --get-all includeif.gitdir:/github/workspace/.git/worktrees/*.path
2026-04-19T17:23:57.7234636Z /github/runner_temp/git-credentials-abd7aa37-5b03-4f53-9dde-e0f4f93271e0.config
2026-04-19T17:23:57.7243813Z [command]/bin/git config --local --unset includeif.gitdir:/github/workspace/.git/worktrees/*.path /github/runner_temp/git-credentials-abd7aa37-5b03-4f53-9dde-e0f4f93271e0.config
2026-04-19T17:23:57.7278256Z [command]/bin/git submodule foreach --recursive git config --local --show-origin --name-only --get-regexp remote.origin.url
2026-04-19T17:23:57.7821941Z Removing credentials config '/mnt/vss/_work/_temp/git-credentials-abd7aa37-5b03-4f53-9dde-e0f4f93271e0.config'
2026-04-19T17:23:57.7973563Z Cleaning up orphan processes
