2026-04-22T22:43:56.1350018Z Current runner version: '2.333.1'
2026-04-22T22:43:56.1374305Z ##[group]Runner Image Provisioner
2026-04-22T22:43:56.1375192Z Hosted Compute Agent
2026-04-22T22:43:56.1375792Z Version: 20260415.520
2026-04-22T22:43:56.1376465Z Commit: af089020f5f67b61ccc91db6c07980876c02bf7b
2026-04-22T22:43:56.1377187Z Build Date: 2026-04-15T18:07:08Z
2026-04-22T22:43:56.1377856Z Worker ID: {972cfba7-cf5b-44d5-a3bc-b0c8b7df5554}
2026-04-22T22:43:56.1378570Z Azure Region: westus
2026-04-22T22:43:56.1379131Z ##[endgroup]
2026-04-22T22:43:56.1380568Z ##[group]Operating System
2026-04-22T22:43:56.1381264Z Ubuntu
2026-04-22T22:43:56.1381777Z 24.04.4
2026-04-22T22:43:56.1382266Z LTS
2026-04-22T22:43:56.1382826Z ##[endgroup]
2026-04-22T22:43:56.1383578Z ##[group]Runner Image
2026-04-22T22:43:56.1384171Z Image: ubuntu-24.04
2026-04-22T22:43:56.1384781Z Version: 20260420.95.1
2026-04-22T22:43:56.1385977Z Included Software: https://github.com/actions/runner-images/blob/ubuntu24/20260420.95/images/ubuntu/Ubuntu2404-Readme.md
2026-04-22T22:43:56.1387563Z Image Release: https://github.com/actions/runner-images/releases/tag/ubuntu24%2F20260420.95
2026-04-22T22:43:56.1388456Z ##[endgroup]
2026-04-22T22:43:56.1389707Z ##[group]GITHUB_TOKEN Permissions
2026-04-22T22:43:56.1391561Z Contents: read
2026-04-22T22:43:56.1392251Z Metadata: read
2026-04-22T22:43:56.1392775Z Packages: read
2026-04-22T22:43:56.1393308Z ##[endgroup]
2026-04-22T22:43:56.1396081Z Secret source: None
2026-04-22T22:43:56.1396883Z Prepare workflow directory
2026-04-22T22:43:56.1733232Z Prepare all required actions
2026-04-22T22:43:56.1771600Z Getting action download info
2026-04-22T22:43:56.6315097Z Download action repository 'github/dependabot-action@main' (SHA:9e1015cb5b5c7796e7470192f73e41bef3781d1f)
2026-04-22T22:43:57.5852756Z Complete job name: Dependabot
2026-04-22T22:43:57.6629975Z ##[group]Run mkdir -p  ./dependabot-job-1333734821-1776897829
2026-04-22T22:43:57.6630941Z [36;1mmkdir -p  ./dependabot-job-1333734821-1776897829[0m
2026-04-22T22:43:57.6753087Z shell: /usr/bin/bash -e {0}
2026-04-22T22:43:57.6754312Z ##[endgroup]
2026-04-22T22:43:57.7063200Z ##[group]Run github/dependabot-action@main
2026-04-22T22:43:57.7064110Z env:
2026-04-22T22:43:57.7064546Z   DEPENDABOT_DISABLE_CLEANUP: 1
2026-04-22T22:43:57.7065115Z   DEPENDABOT_ENABLE_CONNECTIVITY_CHECK: 0
2026-04-22T22:43:57.7065952Z   GITHUB_TOKEN: ***
2026-04-22T22:43:57.7066795Z   GITHUB_DEPENDABOT_JOB_TOKEN: ***
2026-04-22T22:43:57.7067746Z   GITHUB_DEPENDABOT_CRED_TOKEN: ***
2026-04-22T22:43:57.7068334Z   GITHUB_REGISTRIES_PROXY: ***
2026-04-22T22:43:57.7068848Z ##[endgroup]
2026-04-22T22:43:57.9096716Z 🤖 ~ starting update ~
2026-04-22T22:43:57.9115107Z Fetching job details
2026-04-22T22:43:58.8376372Z ##[group]Pulling updater images
2026-04-22T22:43:58.9800585Z Pulling image ghcr.io/dependabot/dependabot-updater-cargo:cb900b9aa6c1b70f93dc09458db88b95b8671f71 (attempt 1)...
2026-04-22T22:43:59.2004726Z Successfully sent metric (dependabot.action.ghcr_image_pull) to remote API endpoint
2026-04-22T22:44:06.2472259Z Pulled image ghcr.io/dependabot/dependabot-updater-cargo:cb900b9aa6c1b70f93dc09458db88b95b8671f71
2026-04-22T22:44:06.2484186Z Pulling image ghcr.io/dependabot/proxy:v2.0.20260420162443@sha256:dd87aff8f703b31dd3d5a1ae37bbb9ec69a78ece4fec12b558bb1e88dbccfe5d (attempt 1)...
2026-04-22T22:44:06.4698746Z Successfully sent metric (dependabot.action.ghcr_image_pull) to remote API endpoint
2026-04-22T22:44:07.5699165Z Pulled image ghcr.io/dependabot/proxy:v2.0.20260420162443@sha256:dd87aff8f703b31dd3d5a1ae37bbb9ec69a78ece4fec12b558bb1e88dbccfe5d
2026-04-22T22:44:07.5701392Z ##[endgroup]
2026-04-22T22:44:07.5701861Z Starting update process
2026-04-22T22:44:07.9706912Z Created proxy container: 9ae09127b6685389c652a74049ffbd4d097ac6f73ebc565a19e0bfc3bd8b655a
2026-04-22T22:44:08.2690106Z   proxy | 2026/04/22 22:44:08 proxy starting, commit: 2d6b011117761b0ca101ea6ec4f765233321fd9c
2026-04-22T22:44:08.2694363Z   proxy | 2026/04/22 22:44:08 Listening (:1080)
2026-04-22T22:44:08.2888912Z Created container: baee1d5bfe5504a949e6219762a86bd1c9a6259d0f47c384d0f9eca7ed1cf77c
2026-04-22T22:44:08.4014256Z Started container baee1d5bfe5504a949e6219762a86bd1c9a6259d0f47c384d0f9eca7ed1cf77c
2026-04-22T22:44:08.8658665Z updater | Updating certificates in /etc/ssl/certs...
2026-04-22T22:44:10.3910294Z updater | rehash: warning: skipping ca-certificates.crt,it does not contain exactly one certificate or CRL
2026-04-22T22:44:10.4300094Z updater | 1 added, 0 removed; done.
2026-04-22T22:44:10.4360377Z updater | Running hooks in /etc/ca-certificates/update.d...
2026-04-22T22:44:10.4433306Z updater | done.
2026-04-22T22:44:10.9713898Z updater | fetch_files command is no longer used directly
2026-04-22T22:44:18.3052201Z updater | 2026/04/22 22:44:18 INFO <job_1333734821> Starting job processing
2026-04-22T22:44:18.3066334Z updater | 2026/04/22 22:44:18 INFO <job_1333734821> Job definition: {"job":{"command":"security","allowed-updates":[{"dependency-type":"direct","update-type":"all"}],"commit-message-options":{"prefix":null,"prefix-development":null,"include-scope":null},"credentials-metadata":[{"type":"git_source","host":"github.com"}],"debug":null,"dependencies":["rand"],"dependency-groups":[],"dependency-group-to-refresh":null,"existing-pull-requests":[{"pr-number":14284,"dependencies":[{"dependency-name":"openssl","dependency-version":"0.10.66"}]},{"pr-number":14300,"dependencies":[{"dependency-name":"gix-attributes","dependency-version":"0.22.3"}]},{"pr-number":15897,"dependencies":[{"dependency-name":"tracing-subscriber","dependency-version":"0.3.20","directory":"/"}]},{"pr-number":16586,"dependencies":[{"dependency-name":"bytes","dependency-version":"1.11.1","directory":"/"}]},{"pr-number":16933,"dependencies":[{"dependency-name":"openssl","dependency-version":"0.10.78","directory":"/"}]}],"existing-group-pull-requests":[],"experiments":{"record-ecosystem-versions":true,"record-update-job-unknown-error":true,"proxy-cached":true,"enable-corepack-for-npm-and-yarn":true,"enable-private-registry-for-corepack":true,"allow-refresh-for-existing-pr-dependencies":true,"allow-refresh-group-with-all-dependencies":true,"azure-registry-backup":true,"enable-enhanced-error-details-for-updater":true,"gradle-lockfile-updater":true,"enable-exclude-paths-subdirectory-manifest-files":true,"group-membership-enforcement":true,"python-requirements-file-name-filtering":true},"ignore-conditions":[],"lockfile-only":false,"max-updater-run-time":2700,"package-manager":"cargo","requirements-update-strategy":null,"reject-external-code":false,"security-advisories":[{"dependency-name":"rand","patched-versions":[],"unaffected-versions":[],"affected-versions":["= 0.10.0",">= 0.9.0, < 0.9.3",">= 0.7.0, < 0.8.6"]}],"security-updates-only":true,"source":{"provider":"github","repo":"rust-lang/cargo","branch":null,"api-endpoint":"https://api.github.com/","hostname":"github.com","directories":["/."]},"updating-a-pull-request":false,"update-subdependencies":false,"vendor-dependencies":false,"enable-beta-ecosystems":false,"repo-private":false,"multi-ecosystem-update":false,"exclude-paths":null}}
2026-04-22T22:44:18.4805109Z   proxy | 2026/04/22 22:44:18 [002] GET https://github.com:443/rust-lang/cargo.git/info/refs?service=git-upload-pack
2026-04-22T22:44:18.4806230Z   proxy | 2026/04/22 22:44:18 [002] * authenticating git server request (host: github.com)
2026-04-22T22:44:18.6720438Z   proxy | 2026/04/22 22:44:18 [002] 200 https://github.com:443/rust-lang/cargo.git/info/refs?service=git-upload-pack
2026-04-22T22:44:19.1476734Z updater | 2026/04/22 22:44:19 INFO <job_1333734821> Started process PID: 1095 with command: {} git config --global credential.helper '!/home/dependabot/common/lib/dependabot/../../bin/git-credential-store-immutable --file /home/dependabot/dependabot-updater/git.store' {}
2026-04-22T22:44:19.1575540Z updater | 2026/04/22 22:44:19 INFO <job_1333734821> Process PID: 1095 completed with status: pid 1095 exit 0
2026-04-22T22:44:19.1576879Z updater | 2026/04/22 22:44:19 INFO <job_1333734821> Total execution time: 0.01 seconds
2026-04-22T22:44:19.1592116Z updater | 2026/04/22 22:44:19 INFO <job_1333734821> Started process PID: 1105 with command: {} git config --global --replace-all url.https://github.com/.insteadOf ssh://git@github.com/ {}
2026-04-22T22:44:19.1629259Z updater | 2026/04/22 22:44:19 INFO <job_1333734821> Process PID: 1105 completed with status: pid 1105 exit 0
2026-04-22T22:44:19.1630784Z 2026/04/22 22:44:19 INFO <job_1333734821> Total execution time: 0.01 seconds
2026-04-22T22:44:19.1657114Z updater | 2026/04/22 22:44:19 INFO <job_1333734821> Started process PID: 1113 with command: {} git config --global --add url.https://github.com/.insteadOf ssh://git@github.com: {}
2026-04-22T22:44:19.1679208Z updater | 2026/04/22 22:44:19 INFO <job_1333734821> Process PID: 1113 completed with status: pid 1113 exit 0
2026-04-22T22:44:19.1680393Z updater | 2026/04/22 22:44:19 INFO <job_1333734821> Total execution time: 0.0 seconds
2026-04-22T22:44:19.1687875Z updater | 2026/04/22 22:44:19 INFO <job_1333734821> Started process PID: 1121 with command: {} git config --global --add url.https://github.com/.insteadOf git@github.com: {}
2026-04-22T22:44:19.1727085Z updater | 2026/04/22 22:44:19 INFO <job_1333734821> Process PID: 1121 completed with status: pid 1121 exit 0
2026-04-22T22:44:19.1728229Z 2026/04/22 22:44:19 INFO <job_1333734821> Total execution time: 0.0 seconds
2026-04-22T22:44:19.1739863Z updater | 2026/04/22 22:44:19 INFO <job_1333734821> Started process PID: 1128 with command: {} git config --global --add url.https://github.com/.insteadOf git@github.com/ {}
2026-04-22T22:44:19.1775536Z updater | 2026/04/22 22:44:19 INFO <job_1333734821> Process PID: 1128 completed with status: pid 1128 exit 0
2026-04-22T22:44:19.1776470Z 2026/04/22 22:44:19 INFO <job_1333734821> Total execution time: 0.0 seconds
2026-04-22T22:44:19.1797974Z updater | 2026/04/22 22:44:19 INFO <job_1333734821> Started process PID: 1135 with command: {} git config --global --add url.https://github.com/.insteadOf git://github.com/ {}
2026-04-22T22:44:19.1831013Z updater | 2026/04/22 22:44:19 INFO <job_1333734821> Process PID: 1135 completed with status: pid 1135 exit 0
2026-04-22T22:44:19.1832255Z updater | 2026/04/22 22:44:19 INFO <job_1333734821> Total execution time: 0.01 seconds
2026-04-22T22:44:19.1843899Z updater | 2026/04/22 22:44:19 INFO <job_1333734821> Started process PID: 1142 with command: {} git config --global --replace-all url.https://github.com/.insteadOf ssh://git@github.com/ {}
2026-04-22T22:44:19.1882141Z updater | 2026/04/22 22:44:19 INFO <job_1333734821> Process PID: 1142 completed with status: pid 1142 exit 0
2026-04-22T22:44:19.1883215Z updater | 2026/04/22 22:44:19 INFO <job_1333734821> Total execution time: 0.01 seconds
2026-04-22T22:44:19.1890444Z updater | 2026/04/22 22:44:19 INFO <job_1333734821> Started process PID: 1149 with command: {} git config --global --add url.https://github.com/.insteadOf ssh://git@github.com: {}
2026-04-22T22:44:19.1937081Z updater | 2026/04/22 22:44:19 INFO <job_1333734821> Process PID: 1149 completed with status: pid 1149 exit 0
2026-04-22T22:44:19.1938639Z updater | 2026/04/22 22:44:19 INFO <job_1333734821> Total execution time: 0.01 seconds
2026-04-22T22:44:19.1944629Z updater | 2026/04/22 22:44:19 INFO <job_1333734821> Started process PID: 1156 with command: {} git config --global --add url.https://github.com/.insteadOf git@github.com: {}
2026-04-22T22:44:19.1981773Z updater | 2026/04/22 22:44:19 INFO <job_1333734821> Process PID: 1156 completed with status: pid 1156 exit 0
2026-04-22T22:44:19.1982951Z 2026/04/22 22:44:19 INFO <job_1333734821> Total execution time: 0.0 seconds
2026-04-22T22:44:19.1994695Z updater | 2026/04/22 22:44:19 INFO <job_1333734821> Started process PID: 1163 with command: {} git config --global --add url.https://github.com/.insteadOf git@github.com/ {}
2026-04-22T22:44:19.2022050Z updater | 2026/04/22 22:44:19 INFO <job_1333734821> Process PID: 1163 completed with status: pid 1163 exit 0
2026-04-22T22:44:19.2022912Z updater | 2026/04/22 22:44:19 INFO <job_1333734821> Total execution time: 0.0 seconds
2026-04-22T22:44:19.2034826Z updater | 2026/04/22 22:44:19 INFO <job_1333734821> Started process PID: 1170 with command: {} git config --global --add url.https://github.com/.insteadOf git://github.com/ {}
2026-04-22T22:44:19.2079033Z updater | 2026/04/22 22:44:19 INFO <job_1333734821> Process PID: 1170 completed with status: pid 1170 exit 0
2026-04-22T22:44:19.2079980Z 2026/04/22 22:44:19 INFO <job_1333734821> Total execution time: 0.01 seconds
2026-04-22T22:44:19.2089687Z updater | 2026/04/22 22:44:19 INFO <job_1333734821> Started process PID: 1177 with command: {} git clone --no-tags --depth 1 --recurse-submodules --shallow-submodules https://github.com/rust-lang/cargo /home/dependabot/dependabot-updater/repo {}
2026-04-22T22:44:20.1664222Z   proxy | 2026/04/22 22:44:20 [004] GET https://github.com:443/rust-lang/cargo/info/refs?service=git-upload-pack
2026-04-22T22:44:20.1665335Z 2026/04/22 22:44:20 [004] * authenticating git server request (host: github.com)
2026-04-22T22:44:20.3026674Z   proxy | 2026/04/22 22:44:20 [004] 200 https://github.com:443/rust-lang/cargo/info/refs?service=git-upload-pack
2026-04-22T22:44:20.3357460Z   proxy | 2026/04/22 22:44:20 [006] POST https://github.com:443/rust-lang/cargo/git-upload-pack
2026-04-22T22:44:20.3358577Z   proxy | 2026/04/22 22:44:20 [006] * authenticating git server request (host: github.com)
2026-04-22T22:44:20.4806183Z   proxy | 2026/04/22 22:44:20 [006] 200 https://github.com:443/rust-lang/cargo/git-upload-pack
2026-04-22T22:44:20.5446867Z   proxy | 2026/04/22 22:44:20 [008] POST https://github.com:443/rust-lang/cargo/git-upload-pack
2026-04-22T22:44:20.5448107Z 2026/04/22 22:44:20 [008] * authenticating git server request (host: github.com)
2026-04-22T22:44:21.0769022Z   proxy | 2026/04/22 22:44:21 [008] 200 https://github.com:443/rust-lang/cargo/git-upload-pack
2026-04-22T22:44:21.8477362Z updater | 2026/04/22 22:44:21 INFO <job_1333734821> Process PID: 1177 completed with status: pid 1177 exit 0
2026-04-22T22:44:21.8478410Z 2026/04/22 22:44:21 INFO <job_1333734821> Total execution time: 2.64 seconds
2026-04-22T22:44:21.8490679Z updater | 2026/04/22 22:44:21 INFO <job_1333734821> Started process PID: 1219 with command: {} git -C /home/dependabot/dependabot-updater/repo ls-files --stage {}
2026-04-22T22:44:21.8944671Z updater | 2026/04/22 22:44:21 INFO <job_1333734821> Process PID: 1219 completed with status: pid 1219 exit 0
2026-04-22T22:44:21.8945993Z 2026/04/22 22:44:21 INFO <job_1333734821> Total execution time: 0.05 seconds
2026-04-22T22:44:21.9029302Z updater | 2026/04/22 22:44:21 INFO <job_1333734821> Started process PID: 1234 with command: {} git config --global credential.helper '!/home/dependabot/common/lib/dependabot/../../bin/git-credential-store-immutable --file /home/dependabot/dependabot-updater/git.store' {}
2026-04-22T22:44:21.9076947Z updater | 2026/04/22 22:44:21 INFO <job_1333734821> Process PID: 1234 completed with status: pid 1234 exit 0
2026-04-22T22:44:21.9078200Z updater | 2026/04/22 22:44:21 INFO <job_1333734821> Total execution time: 0.01 seconds
2026-04-22T22:44:21.9099305Z updater | 2026/04/22 22:44:21 INFO <job_1333734821> Started process PID: 1243 with command: {} git config --global --replace-all url.https://github.com/.insteadOf ssh://git@github.com/ {}
2026-04-22T22:44:21.9133044Z updater | 2026/04/22 22:44:21 INFO <job_1333734821> Process PID: 1243 completed with status: pid 1243 exit 0
2026-04-22T22:44:21.9154055Z 2026/04/22 22:44:21 INFO <job_1333734821> Total execution time: 0.0 seconds
2026-04-22T22:44:21.9165266Z updater | 2026/04/22 22:44:21 INFO <job_1333734821> Started process PID: 1251 with command: {} git config --global --add url.https://github.com/.insteadOf ssh://git@github.com: {}
2026-04-22T22:44:21.9178493Z updater | 2026/04/22 22:44:21 INFO <job_1333734821> Process PID: 1251 completed with status: pid 1251 exit 0
2026-04-22T22:44:21.9179785Z updater | 2026/04/22 22:44:21 INFO <job_1333734821> Total execution time: 0.01 seconds
2026-04-22T22:44:21.9209734Z updater | 2026/04/22 22:44:21 INFO <job_1333734821> Started process PID: 1258 with command: {} git config --global --add url.https://github.com/.insteadOf git@github.com: {}
2026-04-22T22:44:21.9254419Z updater | 2026/04/22 22:44:21 INFO <job_1333734821> Process PID: 1258 completed with status: pid 1258 exit 0
2026-04-22T22:44:21.9255817Z 2026/04/22 22:44:21 INFO <job_1333734821> Total execution time: 0.01 seconds
2026-04-22T22:44:21.9263238Z updater | 2026/04/22 22:44:21 INFO <job_1333734821> Started process PID: 1265 with command: {} git config --global --add url.https://github.com/.insteadOf git@github.com/ {}
2026-04-22T22:44:21.9301277Z updater | 2026/04/22 22:44:21 INFO <job_1333734821> Process PID: 1265 completed with status: pid 1265 exit 0
2026-04-22T22:44:21.9302103Z 2026/04/22 22:44:21 INFO <job_1333734821> Total execution time: 0.0 seconds
2026-04-22T22:44:21.9307913Z updater | 2026/04/22 22:44:21 INFO <job_1333734821> Started process PID: 1272 with command: {} git config --global --add url.https://github.com/.insteadOf git://github.com/ {}
2026-04-22T22:44:21.9345854Z updater | 2026/04/22 22:44:21 INFO <job_1333734821> Process PID: 1272 completed with status: pid 1272 exit 0
2026-04-22T22:44:21.9346476Z 2026/04/22 22:44:21 INFO <job_1333734821> Total execution time: 0.0 seconds
2026-04-22T22:44:21.9366582Z updater | 2026/04/22 22:44:21 INFO <job_1333734821> Started process PID: 1279 with command: {} git config --global --replace-all url.https://github.com/.insteadOf ssh://git@github.com/ {}
2026-04-22T22:44:21.9396795Z updater | 2026/04/22 22:44:21 INFO <job_1333734821> Process PID: 1279 completed with status: pid 1279 exit 0
2026-04-22T22:44:21.9398074Z updater | 2026/04/22 22:44:21 INFO <job_1333734821> Total execution time: 0.0 seconds
2026-04-22T22:44:21.9408307Z updater | 2026/04/22 22:44:21 INFO <job_1333734821> Started process PID: 1286 with command: {} git config --global --add url.https://github.com/.insteadOf ssh://git@github.com: {}
2026-04-22T22:44:21.9464938Z updater | 2026/04/22 22:44:21 INFO <job_1333734821> Process PID: 1286 completed with status: pid 1286 exit 0
2026-04-22T22:44:21.9466470Z 2026/04/22 22:44:21 INFO <job_1333734821> Total execution time: 0.01 seconds
2026-04-22T22:44:21.9481079Z updater | 2026/04/22 22:44:21 INFO <job_1333734821> Started process PID: 1293 with command: {} git config --global --add url.https://github.com/.insteadOf git@github.com: {}
2026-04-22T22:44:21.9509429Z updater | 2026/04/22 22:44:21 INFO <job_1333734821> Process PID: 1293 completed with status: pid 1293 exit 0
2026-04-22T22:44:21.9510927Z updater | 2026/04/22 22:44:21 INFO <job_1333734821> Total execution time: 0.0 seconds
2026-04-22T22:44:21.9515780Z updater | 2026/04/22 22:44:21 INFO <job_1333734821> Started process PID: 1300 with command: {} git config --global --add url.https://github.com/.insteadOf git@github.com/ {}
2026-04-22T22:44:21.9554772Z updater | 2026/04/22 22:44:21 INFO <job_1333734821> Process PID: 1300 completed with status: pid 1300 exit 0
2026-04-22T22:44:21.9555556Z 2026/04/22 22:44:21 INFO <job_1333734821> Total execution time: 0.0 seconds
2026-04-22T22:44:21.9568417Z updater | 2026/04/22 22:44:21 INFO <job_1333734821> Started process PID: 1307 with command: {} git config --global --add url.https://github.com/.insteadOf git://github.com/ {}
2026-04-22T22:44:21.9601722Z updater | 2026/04/22 22:44:21 INFO <job_1333734821> Process PID: 1307 completed with status: pid 1307 exit 0
2026-04-22T22:44:21.9602709Z 2026/04/22 22:44:21 INFO <job_1333734821> Total execution time: 0.0 seconds
2026-04-22T22:44:21.9608864Z updater | 2026/04/22 22:44:21 INFO <job_1333734821> Started process PID: 1314 with command: {} git rev-parse HEAD {}
2026-04-22T22:44:21.9932802Z updater | 2026/04/22 22:44:21 INFO <job_1333734821> Process PID: 1314 completed with status: pid 1314 exit 0
2026-04-22T22:44:21.9934100Z 2026/04/22 22:44:21 INFO <job_1333734821> Total execution time: 0.03 seconds
2026-04-22T22:44:21.9982455Z updater | 2026/04/22 22:44:21 INFO <job_1333734821> Started process PID: 1330 with command: {} git config --global credential.helper '!/home/dependabot/common/lib/dependabot/../../bin/git-credential-store-immutable --file /home/dependabot/dependabot-updater/git.store' {}
2026-04-22T22:44:22.0025640Z updater | 2026/04/22 22:44:22 INFO <job_1333734821> Process PID: 1330 completed with status: pid 1330 exit 0
2026-04-22T22:44:22.0026277Z updater | 2026/04/22 22:44:22 INFO <job_1333734821> Total execution time: 0.01 seconds
2026-04-22T22:44:22.0036993Z updater | 2026/04/22 22:44:22 INFO <job_1333734821> Started process PID: 1338 with command: {} git config --global --replace-all url.https://github.com/.insteadOf ssh://git@github.com/ {}
2026-04-22T22:44:22.0069327Z updater | 2026/04/22 22:44:22 INFO <job_1333734821> Process PID: 1338 completed with status: pid 1338 exit 0
2026-04-22T22:44:22.0070321Z 2026/04/22 22:44:22 INFO <job_1333734821> Total execution time: 0.0 seconds
2026-04-22T22:44:22.0075592Z updater | 2026/04/22 22:44:22 INFO <job_1333734821> Started process PID: 1345 with command: {} git config --global --add url.https://github.com/.insteadOf ssh://git@github.com: {}
2026-04-22T22:44:22.0113679Z updater | 2026/04/22 22:44:22 INFO <job_1333734821> Process PID: 1345 completed with status: pid 1345 exit 0
2026-04-22T22:44:22.0114918Z updater | 2026/04/22 22:44:22 INFO <job_1333734821> Total execution time: 0.0 seconds
2026-04-22T22:44:22.0126128Z updater | 2026/04/22 22:44:22 INFO <job_1333734821> Started process PID: 1351 with command: {} git config --global --add url.https://github.com/.insteadOf git@github.com: {}
2026-04-22T22:44:22.0155140Z updater | 2026/04/22 22:44:22 INFO <job_1333734821> Process PID: 1351 completed with status: pid 1351 exit 0
2026-04-22T22:44:22.0155930Z 2026/04/22 22:44:22 INFO <job_1333734821> Total execution time: 0.0 seconds
2026-04-22T22:44:22.0165564Z updater | 2026/04/22 22:44:22 INFO <job_1333734821> Started process PID: 1358 with command: {} git config --global --add url.https://github.com/.insteadOf git@github.com/ {}
2026-04-22T22:44:22.0202307Z updater | 2026/04/22 22:44:22 INFO <job_1333734821> Process PID: 1358 completed with status: pid 1358 exit 0
2026-04-22T22:44:22.0203554Z 2026/04/22 22:44:22 INFO <job_1333734821> Total execution time: 0.0 seconds
2026-04-22T22:44:22.0208577Z updater | 2026/04/22 22:44:22 INFO <job_1333734821> Started process PID: 1365 with command: {} git config --global --add url.https://github.com/.insteadOf git://github.com/ {}
2026-04-22T22:44:22.0249390Z updater | 2026/04/22 22:44:22 INFO <job_1333734821> Process PID: 1365 completed with status: pid 1365 exit 0
2026-04-22T22:44:22.0250205Z 2026/04/22 22:44:22 INFO <job_1333734821> Total execution time: 0.0 seconds
2026-04-22T22:44:22.0257634Z updater | 2026/04/22 22:44:22 INFO <job_1333734821> Started process PID: 1373 with command: {} git config --global --replace-all url.https://github.com/.insteadOf ssh://git@github.com/ {}
2026-04-22T22:44:22.0292952Z updater | 2026/04/22 22:44:22 INFO <job_1333734821> Process PID: 1373 completed with status: pid 1373 exit 0
2026-04-22T22:44:22.0294098Z updater | 2026/04/22 22:44:22 INFO <job_1333734821> Total execution time: 0.0 seconds
2026-04-22T22:44:22.0301798Z updater | 2026/04/22 22:44:22 INFO <job_1333734821> Started process PID: 1380 with command: {} git config --global --add url.https://github.com/.insteadOf ssh://git@github.com: {}
2026-04-22T22:44:22.0331828Z updater | 2026/04/22 22:44:22 INFO <job_1333734821> Process PID: 1380 completed with status: pid 1380 exit 0
2026-04-22T22:44:22.0332527Z updater | 2026/04/22 22:44:22 INFO <job_1333734821> Total execution time: 0.0 seconds
2026-04-22T22:44:22.0339265Z updater | 2026/04/22 22:44:22 INFO <job_1333734821> Started process PID: 1388 with command: {} git config --global --add url.https://github.com/.insteadOf git@github.com: {}
2026-04-22T22:44:22.0376055Z updater | 2026/04/22 22:44:22 INFO <job_1333734821> Process PID: 1388 completed with status: pid 1388 exit 0
2026-04-22T22:44:22.0376860Z 2026/04/22 22:44:22 INFO <job_1333734821> Total execution time: 0.0 seconds
2026-04-22T22:44:22.0382534Z updater | 2026/04/22 22:44:22 INFO <job_1333734821> Started process PID: 1395 with command: {} git config --global --add url.https://github.com/.insteadOf git@github.com/ {}
2026-04-22T22:44:22.0434588Z updater | 2026/04/22 22:44:22 INFO <job_1333734821> Process PID: 1395 completed with status: pid 1395 exit 0
2026-04-22T22:44:22.0436530Z updater | 2026/04/22 22:44:22 INFO <job_1333734821> Total execution time: 0.01 seconds
2026-04-22T22:44:22.0455044Z updater | 2026/04/22 22:44:22 INFO <job_1333734821> Started process PID: 1401 with command: {} git config --global --add url.https://github.com/.insteadOf git://github.com/ {}
2026-04-22T22:44:22.0509876Z updater | 2026/04/22 22:44:22 INFO <job_1333734821> Process PID: 1401 completed with status: pid 1401 exit 0
2026-04-22T22:44:22.0511198Z updater | 2026/04/22 22:44:22 INFO <job_1333734821> Total execution time: 0.01 seconds
2026-04-22T22:44:22.0518466Z updater | 2026/04/22 22:44:22 INFO <job_1333734821> Started process PID: 1408 with command: {} git rev-parse HEAD {}
2026-04-22T22:44:22.0575741Z updater | 2026/04/22 22:44:22 INFO <job_1333734821> Process PID: 1408 completed with status: pid 1408 exit 0
2026-04-22T22:44:22.0576608Z 2026/04/22 22:44:22 INFO <job_1333734821> Total execution time: 0.01 seconds
2026-04-22T22:44:22.0629411Z updater | 2026/04/22 22:44:22 INFO <job_1333734821> Started process PID: 1423 with command: {} git config --global credential.helper '!/home/dependabot/common/lib/dependabot/../../bin/git-credential-store-immutable --file /home/dependabot/dependabot-updater/git.store' {}
2026-04-22T22:44:22.0667708Z updater | 2026/04/22 22:44:22 INFO <job_1333734821> Process PID: 1423 completed with status: pid 1423 exit 0
2026-04-22T22:44:22.0668563Z 2026/04/22 22:44:22 INFO <job_1333734821> Total execution time: 0.01 seconds
2026-04-22T22:44:22.0675098Z updater | 2026/04/22 22:44:22 INFO <job_1333734821> Started process PID: 1431 with command: {} git config --global --replace-all url.https://github.com/.insteadOf ssh://git@github.com/ {}
2026-04-22T22:44:22.0715900Z updater | 2026/04/22 22:44:22 INFO <job_1333734821> Process PID: 1431 completed with status: pid 1431 exit 0
2026-04-22T22:44:22.0717000Z 2026/04/22 22:44:22 INFO <job_1333734821> Total execution time: 0.0 seconds
2026-04-22T22:44:22.0722315Z updater | 2026/04/22 22:44:22 INFO <job_1333734821> Started process PID: 1439 with command: {} git config --global --add url.https://github.com/.insteadOf ssh://git@github.com: {}
2026-04-22T22:44:22.0760395Z updater | 2026/04/22 22:44:22 INFO <job_1333734821> Process PID: 1439 completed with status: pid 1439 exit 0
2026-04-22T22:44:22.0761156Z 2026/04/22 22:44:22 INFO <job_1333734821> Total execution time: 0.0 seconds
2026-04-22T22:44:22.0766846Z updater | 2026/04/22 22:44:22 INFO <job_1333734821> Started process PID: 1445 with command: {} git config --global --add url.https://github.com/.insteadOf git@github.com: {}
2026-04-22T22:44:22.0810089Z updater | 2026/04/22 22:44:22 INFO <job_1333734821> Process PID: 1445 completed with status: pid 1445 exit 0
2026-04-22T22:44:22.0810674Z 2026/04/22 22:44:22 INFO <job_1333734821> Total execution time: 0.0 seconds
2026-04-22T22:44:22.0818176Z updater | 2026/04/22 22:44:22 INFO <job_1333734821> Started process PID: 1453 with command: {} git config --global --add url.https://github.com/.insteadOf git@github.com/ {}
2026-04-22T22:44:22.0858224Z updater | 2026/04/22 22:44:22 INFO <job_1333734821> Process PID: 1453 completed with status: pid 1453 exit 0
2026-04-22T22:44:22.0859161Z 2026/04/22 22:44:22 INFO <job_1333734821> Total execution time: 0.0 seconds
2026-04-22T22:44:22.0863773Z updater | 2026/04/22 22:44:22 INFO <job_1333734821> Started process PID: 1459 with command: {} git config --global --add url.https://github.com/.insteadOf git://github.com/ {}
2026-04-22T22:44:22.0904012Z updater | 2026/04/22 22:44:22 INFO <job_1333734821> Process PID: 1459 completed with status: pid 1459 exit 0
2026-04-22T22:44:22.0905448Z updater | 2026/04/22 22:44:22 INFO <job_1333734821> Total execution time: 0.0 seconds
2026-04-22T22:44:22.0909505Z updater | 2026/04/22 22:44:22 INFO <job_1333734821> Started process PID: 1466 with command: {} git config --global --replace-all url.https://github.com/.insteadOf ssh://git@github.com/ {}
2026-04-22T22:44:22.0950511Z updater | 2026/04/22 22:44:22 INFO <job_1333734821> Process PID: 1466 completed with status: pid 1466 exit 0
2026-04-22T22:44:22.0951621Z updater | 2026/04/22 22:44:22 INFO <job_1333734821> Total execution time: 0.0 seconds
2026-04-22T22:44:22.0959047Z updater | 2026/04/22 22:44:22 INFO <job_1333734821> Started process PID: 1474 with command: {} git config --global --add url.https://github.com/.insteadOf ssh://git@github.com: {}
2026-04-22T22:44:22.0992907Z updater | 2026/04/22 22:44:22 INFO <job_1333734821> Process PID: 1474 completed with status: pid 1474 exit 0
2026-04-22T22:44:22.0994192Z updater | 2026/04/22 22:44:22 INFO <job_1333734821> Total execution time: 0.0 seconds
2026-04-22T22:44:22.1001472Z updater | 2026/04/22 22:44:22 INFO <job_1333734821> Started process PID: 1481 with command: {} git config --global --add url.https://github.com/.insteadOf git@github.com: {}
2026-04-22T22:44:22.1042575Z updater | 2026/04/22 22:44:22 INFO <job_1333734821> Process PID: 1481 completed with status: pid 1481 exit 0
2026-04-22T22:44:22.1044181Z updater | 2026/04/22 22:44:22 INFO <job_1333734821> Total execution time: 0.0 seconds
2026-04-22T22:44:22.1053517Z updater | 2026/04/22 22:44:22 INFO <job_1333734821> Started process PID: 1488 with command: {} git config --global --add url.https://github.com/.insteadOf git@github.com/ {}
2026-04-22T22:44:22.1088822Z updater | 2026/04/22 22:44:22 INFO <job_1333734821> Process PID: 1488 completed with status: pid 1488 exit 0
2026-04-22T22:44:22.1089642Z 2026/04/22 22:44:22 INFO <job_1333734821> Total execution time: 0.0 seconds
2026-04-22T22:44:22.1094768Z updater | 2026/04/22 22:44:22 INFO <job_1333734821> Started process PID: 1495 with command: {} git config --global --add url.https://github.com/.insteadOf git://github.com/ {}
2026-04-22T22:44:22.1137095Z updater | 2026/04/22 22:44:22 INFO <job_1333734821> Process PID: 1495 completed with status: pid 1495 exit 0
2026-04-22T22:44:22.1138148Z updater | 2026/04/22 22:44:22 INFO <job_1333734821> Total execution time: 0.0 seconds
2026-04-22T22:44:25.4794869Z updater | 2026/04/22 22:44:25 INFO <job_1333734821> DEBUG filter_excluded: entries=19, exclude_paths=[]
2026-04-22T22:44:25.4797874Z updater | 2026/04/22 22:44:25 INFO <job_1333734821> DEBUG filter_excluded: entries=6, exclude_paths=[]
2026-04-22T22:44:30.8431769Z   proxy | 2026/04/22 22:44:30 [010] POST /update_jobs/1333734821/record_ecosystem_versions
2026-04-22T22:44:31.0815743Z   proxy | 2026/04/22 22:44:31 [010] 204 /update_jobs/1333734821/record_ecosystem_versions
2026-04-22T22:44:31.1005349Z updater | 2026/04/22 22:44:31 INFO <job_1333734821> Base commit SHA: d32d631db154e109dbab152c6af329d79c8c96eb
2026-04-22T22:44:31.1006327Z 2026/04/22 22:44:31 INFO <job_1333734821> Finished job processing
2026-04-22T22:44:31.1014477Z updater | 2026/04/22 22:44:31 INFO <job_1333734821> Starting job processing
2026-04-22T22:44:31.1038114Z updater | 2026/04/22 22:44:31 INFO <job_1333734821> Started process PID: 1503 with command: {} cargo --version {}
2026-04-22T22:44:31.1143209Z updater | 2026/04/22 22:44:31 INFO <job_1333734821> Process PID: 1503 completed with status: pid 1503 exit 0
2026-04-22T22:44:31.1144547Z updater | 2026/04/22 22:44:31 INFO <job_1333734821> Total execution time: 0.01 seconds
2026-04-22T22:44:31.1157254Z updater | 2026/04/22 22:44:31 INFO <job_1333734821> Started process PID: 1509 with command: {} rustc --version {}
2026-04-22T22:44:31.1289857Z updater | 2026/04/22 22:44:31 INFO <job_1333734821> Process PID: 1509 completed with status: pid 1509 exit 0
2026-04-22T22:44:31.1290488Z 2026/04/22 22:44:31 INFO <job_1333734821> Total execution time: 0.01 seconds
2026-04-22T22:44:32.5812541Z   proxy | 2026/04/22 22:44:32 [012] POST /update_jobs/1333734821/update_dependency_list
2026-04-22T22:44:32.8099404Z   proxy | 2026/04/22 22:44:32 [012] 204 /update_jobs/1333734821/update_dependency_list
2026-04-22T22:44:32.9561750Z   proxy | 2026/04/22 22:44:32 [014] POST /update_jobs/1333734821/increment_metric
2026-04-22T22:44:33.0382598Z   proxy | 2026/04/22 22:44:33 [014] 204 /update_jobs/1333734821/increment_metric
2026-04-22T22:44:33.1385946Z updater | 2026/04/22 22:44:33 INFO <job_1333734821> Starting security update job for rust-lang/cargo
2026-04-22T22:44:33.1411764Z updater | 2026/04/22 22:44:33 INFO <job_1333734821> Checking if rand 0.10.1 needs updating
2026-04-22T22:44:33.1434779Z updater | 2026/04/22 22:44:33 INFO <job_1333734821> Calling https://crates.io/api/v1/crates/rand to fetch metadata for rand from https://crates.io/api/v1/crates
2026-04-22T22:44:33.2516107Z   proxy | 2026/04/22 22:44:33 [016] GET https://crates.io:443/api/v1/crates/rand
2026-04-22T22:44:33.4013698Z   proxy | 2026/04/22 22:44:33 [016] 200 https://crates.io:443/api/v1/crates/rand
2026-04-22T22:44:33.4169688Z updater | 2026/04/22 22:44:33 INFO <job_1333734821> Fetched metadata for rand from https://crates.io/api/v1/crates successfully
2026-04-22T22:44:33.4242498Z updater | 2026/04/22 22:44:33 INFO <job_1333734821> Filtered out 23 pre-release versions
2026-04-22T22:44:33.4253634Z updater | 2026/04/22 22:44:33 INFO <job_1333734821> Latest version is 0.10.1
2026-04-22T22:44:33.4258231Z updater | 2026/04/22 22:44:33 INFO <job_1333734821> no security update needed as rand is no longer vulnerable
2026-04-22T22:44:33.5160481Z   proxy | 2026/04/22 22:44:33 [018] POST /update_jobs/1333734821/record_update_job_error
2026-04-22T22:44:33.6235360Z   proxy | 2026/04/22 22:44:33 [018] 204 /update_jobs/1333734821/record_update_job_error
2026-04-22T22:44:33.7250270Z   proxy | 2026/04/22 22:44:33 [020] POST /update_jobs/1333734821/record_ecosystem_meta
2026-04-22T22:44:33.8167578Z   proxy | 2026/04/22 22:44:33 [020] 204 /update_jobs/1333734821/record_ecosystem_meta
2026-04-22T22:44:33.9502840Z   proxy | 2026/04/22 22:44:33 [022] PATCH /update_jobs/1333734821/mark_as_processed
2026-04-22T22:44:34.1135086Z   proxy | 2026/04/22 22:44:34 [022] 204 /update_jobs/1333734821/mark_as_processed
2026-04-22T22:44:34.1194394Z updater | 2026/04/22 22:44:34 INFO <job_1333734821> Finished job processing
2026-04-22T22:44:34.1205020Z updater | 2026/04/22 22:44:34 INFO Results:
2026-04-22T22:44:34.1206480Z Dependabot encountered '1' error(s) during execution, please check the logs for more details.
2026-04-22T22:44:34.1207529Z +----------------------------------------------------------+
2026-04-22T22:44:34.1207987Z |                          Errors                          |
2026-04-22T22:44:34.1208428Z +----------------------------+-----------------------------+
2026-04-22T22:44:34.1208881Z | Type                       | Details                     |
2026-04-22T22:44:34.1209330Z +----------------------------+-----------------------------+
2026-04-22T22:44:34.1209819Z | security_update_not_needed | {                           |
2026-04-22T22:44:34.1210309Z |                            |   "dependency-name": "rand" |
2026-04-22T22:44:34.1210731Z |                            | }                           |
2026-04-22T22:44:34.1211175Z +----------------------------+-----------------------------+
2026-04-22T22:44:34.2565101Z Failure running container baee1d5bfe5504a949e6219762a86bd1c9a6259d0f47c384d0f9eca7ed1cf77c: Error: Command failed with exit code 1: /bin/sh -c $DEPENDABOT_HOME/dependabot-updater/bin/run update_files
2026-04-22T22:44:34.5202112Z Cleaned up container baee1d5bfe5504a949e6219762a86bd1c9a6259d0f47c384d0f9eca7ed1cf77c
2026-04-22T22:44:34.5308023Z   proxy | 2026/04/22 22:44:34 Posting metrics to remote API endpoint
2026-04-22T22:44:34.5329004Z   proxy | 2026/04/22 22:44:34 0/11 calls cached (0%)
2026-04-22T22:44:35.2310392Z ##[error]Dependabot encountered an error performing the update

Error: The updater encountered one or more errors.

For more information see: https://github.com/rust-lang/cargo/network/updates/1333734821 (write access to the repository is required to view the log)
2026-04-22T22:44:35.2321004Z 🤖 ~ finished: error reported to Dependabot ~
2026-04-22T22:44:35.2412545Z Post job cleanup.
2026-04-22T22:44:35.4051377Z Cleaning up orphan processes
2026-04-22T22:44:35.4461548Z ##[warning]Node.js 20 actions are deprecated. The following actions are running on Node.js 20 and may not work as expected: github/dependabot-action@main. Actions will be forced to run with Node.js 24 by default starting June 2nd, 2026. Node.js 20 will be removed from the runner on September 16th, 2026. Please check if updated versions of these actions are available that support Node.js 24. To opt into Node.js 24 now, set the FORCE_JAVASCRIPT_ACTIONS_TO_NODE24=true environment variable on the runner or in your workflow file. Once Node.js 24 becomes the default, you can temporarily opt out by setting ACTIONS_ALLOW_USE_UNSECURE_NODE_VERSION=true. For more information see: https://github.blog/changelog/2025-09-19-deprecation-of-node-20-on-github-actions-runners/
